
===== pytest run 2025-12-29 09:43:49 args=['tests/test_widget_lifecycle.py', '-v', '--tb=short'] =====

=========================================================================================== test session starts ===========================================================================================

platform win32 -- Python 3.11.9, pytest-8.4.1, pluggy-1.6.0 -- C:\Python311\python.exe

cachedir: .pytest_cache

PySide6 6.9.1 -- Qt runtime 6.9.1 -- Qt compiled 6.9.1

rootdir: F:\Programming\Apps\ShittyRandomPhotoScreenSaver

configfile: pytest.ini

plugins: qt-4.5.0

collecting ... 
collected 30 items



tests/test_widget_lifecycle.py::TestLifecycleStateTransitions::test_valid_transitions_from_created 
PASSED                                                                                            [  3%]


tests/test_widget_lifecycle.py::TestLifecycleStateTransitions::test_invalid_transitions_from_created 
PASSED                                                                                          [  6%]


tests/test_widget_lifecycle.py::TestLifecycleStateTransitions::test_valid_transitions_from_initialized 
PASSED                                                                                        [ 10%]


tests/test_widget_lifecycle.py::TestLifecycleStateTransitions::test_invalid_transitions_from_initialized 
PASSED                                                                                      [ 13%]


tests/test_widget_lifecycle.py::TestLifecycleStateTransitions::test_valid_transitions_from_active 
PASSED                                                                                             [ 16%]


tests/test_widget_lifecycle.py::TestLifecycleStateTransitions::test_invalid_transitions_from_active 
PASSED                                                                                           [ 20%]


tests/test_widget_lifecycle.py::TestLifecycleStateTransitions::test_valid_transitions_from_hidden 
PASSED                                                                                             [ 23%]


tests/test_widget_lifecycle.py::TestLifecycleStateTransitions::test_destroyed_is_terminal 
PASSED                                                                                                     [ 26%]


tests/test_widget_lifecycle.py::TestWidgetLifecycle::test_initial_state_is_created 
PASSED                                                                                                            [ 30%]


tests/test_widget_lifecycle.py::TestWidgetLifecycle::test_initialize_transitions_to_initialized 
PASSED                                                                                               [ 33%]


tests/test_widget_lifecycle.py::TestWidgetLifecycle::test_activate_transitions_to_active 
PASSED                                                                                                      [ 36%]


tests/test_widget_lifecycle.py::TestWidgetLifecycle::test_deactivate_transitions_to_hidden 
PASSED                                                                                                    [ 40%]


tests/test_widget_lifecycle.py::TestWidgetLifecycle::test_reactivate_from_hidden 
PASSED                                                                                                              [ 43%]


tests/test_widget_lifecycle.py::TestWidgetLifecycle::test_cleanup_transitions_to_destroyed 
PASSED                                                                                                    [ 46%]


tests/test_widget_lifecycle.py::TestWidgetLifecycle::test_cleanup_is_idempotent 
PASSED                                                                                                               [ 50%]


tests/test_widget_lifecycle.py::TestWidgetLifecycle::test_cleanup_from_any_state 
PASSED                                                                                                              [ 53%]


tests/test_widget_lifecycle.py::TestInvalidTransitions::test_cannot_activate_from_created 
PASSED                                                                                                     [ 56%]


tests/test_widget_lifecycle.py::TestInvalidTransitions::test_cannot_deactivate_from_created 
PASSED                                                                                                   [ 60%]


tests/test_widget_lifecycle.py::TestInvalidTransitions::test_cannot_initialize_twice 
PASSED                                                                                                          [ 63%]


tests/test_widget_lifecycle.py::TestInvalidTransitions::test_cannot_deactivate_from_initialized 
PASSED                                                                                               [ 66%]


tests/test_widget_lifecycle.py::TestLifecycleErrorHandling::test_initialization_failure 
PASSED                                                                                                       [ 70%]


tests/test_widget_lifecycle.py::TestLifecycleErrorHandling::test_activation_failure 
PASSED                                                                                                           [ 73%]


tests/test_widget_lifecycle.py::TestLifecycleErrorHandling::test_deactivation_failure 
PASSED                                                                                                         [ 76%]


tests/test_widget_lifecycle.py::TestLifecycleErrorHandling::test_cleanup_continues_on_failure 
PASSED                                                                                                 [ 80%]


tests/test_widget_lifecycle.py::TestLifecycleThreadSafety::test_concurrent_state_reads 
PASSED                                                                                                        [ 83%]


tests/test_widget_lifecycle.py::TestLifecycleThreadSafety::test_concurrent_lifecycle_queries 
PASSED                                                                                                  [ 86%]


tests/test_widget_lifecycle.py::TestResourceManagerIntegration::test_set_resource_manager 
PASSED                                                                                                     [ 90%]


tests/test_widget_lifecycle.py::TestResourceManagerIntegration::test_cleanup_unregisters_resources 
PASSED                                                                                            [ 93%]


tests/test_widget_lifecycle.py::TestFullLifecycleCycle::test_full_lifecycle_cycle 
PASSED                                                                                                             [ 96%]


tests/test_widget_lifecycle.py::TestFullLifecycleCycle::test_multiple_lifecycle_cycles_no_leaks 
PASSED                                                                                               [100%]




=========================================================================================== 30 passed in 0.41s ============================================================================================


===== pytest run 2025-12-29 09:43:55 args=['tests/test_widget_lifecycle.py', '-v', '--tb=short'] =====

=========================================================================================== test session starts ===========================================================================================

platform win32 -- Python 3.11.9, pytest-8.4.1, pluggy-1.6.0 -- C:\Python311\python.exe

cachedir: .pytest_cache

PySide6 6.9.1 -- Qt runtime 6.9.1 -- Qt compiled 6.9.1

rootdir: F:\Programming\Apps\ShittyRandomPhotoScreenSaver

configfile: pytest.ini

plugins: qt-4.5.0

collecting ... 
collected 30 items



tests/test_widget_lifecycle.py::TestLifecycleStateTransitions::test_valid_transitions_from_created 
PASSED                                                                                            [  3%]


tests/test_widget_lifecycle.py::TestLifecycleStateTransitions::test_invalid_transitions_from_created 
PASSED                                                                                          [  6%]


tests/test_widget_lifecycle.py::TestLifecycleStateTransitions::test_valid_transitions_from_initialized 
PASSED                                                                                        [ 10%]


tests/test_widget_lifecycle.py::TestLifecycleStateTransitions::test_invalid_transitions_from_initialized 
PASSED                                                                                      [ 13%]


tests/test_widget_lifecycle.py::TestLifecycleStateTransitions::test_valid_transitions_from_active 
PASSED                                                                                             [ 16%]


tests/test_widget_lifecycle.py::TestLifecycleStateTransitions::test_invalid_transitions_from_active 
PASSED                                                                                           [ 20%]


tests/test_widget_lifecycle.py::TestLifecycleStateTransitions::test_valid_transitions_from_hidden 
PASSED                                                                                             [ 23%]


tests/test_widget_lifecycle.py::TestLifecycleStateTransitions::test_destroyed_is_terminal 
PASSED                                                                                                     [ 26%]


tests/test_widget_lifecycle.py::TestWidgetLifecycle::test_initial_state_is_created 
PASSED                                                                                                            [ 30%]


tests/test_widget_lifecycle.py::TestWidgetLifecycle::test_initialize_transitions_to_initialized 
PASSED                                                                                               [ 33%]


tests/test_widget_lifecycle.py::TestWidgetLifecycle::test_activate_transitions_to_active 
PASSED                                                                                                      [ 36%]


tests/test_widget_lifecycle.py::TestWidgetLifecycle::test_deactivate_transitions_to_hidden 
PASSED                                                                                                    [ 40%]


tests/test_widget_lifecycle.py::TestWidgetLifecycle::test_reactivate_from_hidden 
PASSED                                                                                                              [ 43%]


tests/test_widget_lifecycle.py::TestWidgetLifecycle::test_cleanup_transitions_to_destroyed 
PASSED                                                                                                    [ 46%]


tests/test_widget_lifecycle.py::TestWidgetLifecycle::test_cleanup_is_idempotent 
PASSED                                                                                                               [ 50%]


tests/test_widget_lifecycle.py::TestWidgetLifecycle::test_cleanup_from_any_state 
PASSED                                                                                                              [ 53%]


tests/test_widget_lifecycle.py::TestInvalidTransitions::test_cannot_activate_from_created 
PASSED                                                                                                     [ 56%]


tests/test_widget_lifecycle.py::TestInvalidTransitions::test_cannot_deactivate_from_created 
PASSED                                                                                                   [ 60%]


tests/test_widget_lifecycle.py::TestInvalidTransitions::test_cannot_initialize_twice 
PASSED                                                                                                          [ 63%]


tests/test_widget_lifecycle.py::TestInvalidTransitions::test_cannot_deactivate_from_initialized 
PASSED                                                                                               [ 66%]


tests/test_widget_lifecycle.py::TestLifecycleErrorHandling::test_initialization_failure 
PASSED                                                                                                       [ 70%]


tests/test_widget_lifecycle.py::TestLifecycleErrorHandling::test_activation_failure 
PASSED                                                                                                           [ 73%]


tests/test_widget_lifecycle.py::TestLifecycleErrorHandling::test_deactivation_failure 
PASSED                                                                                                         [ 76%]


tests/test_widget_lifecycle.py::TestLifecycleErrorHandling::test_cleanup_continues_on_failure 
PASSED                                                                                                 [ 80%]


tests/test_widget_lifecycle.py::TestLifecycleThreadSafety::test_concurrent_state_reads 
PASSED                                                                                                        [ 83%]


tests/test_widget_lifecycle.py::TestLifecycleThreadSafety::test_concurrent_lifecycle_queries 
PASSED                                                                                                  [ 86%]


tests/test_widget_lifecycle.py::TestResourceManagerIntegration::test_set_resource_manager 
PASSED                                                                                                     [ 90%]


tests/test_widget_lifecycle.py::TestResourceManagerIntegration::test_cleanup_unregisters_resources 
PASSED                                                                                            [ 93%]


tests/test_widget_lifecycle.py::TestFullLifecycleCycle::test_full_lifecycle_cycle 
PASSED                                                                                                             [ 96%]


tests/test_widget_lifecycle.py::TestFullLifecycleCycle::test_multiple_lifecycle_cycles_no_leaks 
PASSED                                                                                               [100%]




=========================================================================================== 30 passed in 0.26s ============================================================================================


===== pytest run 2025-12-29 09:44:00 args=['tests/test_widget_lifecycle.py', '-v'] =====

============================= test session starts =============================

platform win32 -- Python 3.11.9, pytest-8.4.1, pluggy-1.6.0 -- C:\Python311\python.exe

cachedir: .pytest_cache

PySide6 6.9.1 -- Qt runtime 6.9.1 -- Qt compiled 6.9.1

rootdir: F:\Programming\Apps\ShittyRandomPhotoScreenSaver

configfile: pytest.ini

plugins: qt-4.5.0

collecting ... 
collected 30 items



tests/test_widget_lifecycle.py::TestLifecycleStateTransitions::test_valid_transitions_from_created 
PASSED [  3%]


tests/test_widget_lifecycle.py::TestLifecycleStateTransitions::test_invalid_transitions_from_created 
PASSED [  6%]


tests/test_widget_lifecycle.py::TestLifecycleStateTransitions::test_valid_transitions_from_initialized 
PASSED [ 10%]


tests/test_widget_lifecycle.py::TestLifecycleStateTransitions::test_invalid_transitions_from_initialized 
PASSED [ 13%]


tests/test_widget_lifecycle.py::TestLifecycleStateTransitions::test_valid_transitions_from_active 
PASSED [ 16%]


tests/test_widget_lifecycle.py::TestLifecycleStateTransitions::test_invalid_transitions_from_active 
PASSED [ 20%]


tests/test_widget_lifecycle.py::TestLifecycleStateTransitions::test_valid_transitions_from_hidden 
PASSED [ 23%]


tests/test_widget_lifecycle.py::TestLifecycleStateTransitions::test_destroyed_is_terminal 
PASSED [ 26%]


tests/test_widget_lifecycle.py::TestWidgetLifecycle::test_initial_state_is_created 
PASSED [ 30%]


tests/test_widget_lifecycle.py::TestWidgetLifecycle::test_initialize_transitions_to_initialized 
PASSED [ 33%]


tests/test_widget_lifecycle.py::TestWidgetLifecycle::test_activate_transitions_to_active 
PASSED [ 36%]


tests/test_widget_lifecycle.py::TestWidgetLifecycle::test_deactivate_transitions_to_hidden 
PASSED [ 40%]


tests/test_widget_lifecycle.py::TestWidgetLifecycle::test_reactivate_from_hidden 
PASSED [ 43%]


tests/test_widget_lifecycle.py::TestWidgetLifecycle::test_cleanup_transitions_to_destroyed 
PASSED [ 46%]


tests/test_widget_lifecycle.py::TestWidgetLifecycle::test_cleanup_is_idempotent 
PASSED [ 50%]


tests/test_widget_lifecycle.py::TestWidgetLifecycle::test_cleanup_from_any_state 
PASSED [ 53%]


tests/test_widget_lifecycle.py::TestInvalidTransitions::test_cannot_activate_from_created 
PASSED [ 56%]


tests/test_widget_lifecycle.py::TestInvalidTransitions::test_cannot_deactivate_from_created 
PASSED [ 60%]


tests/test_widget_lifecycle.py::TestInvalidTransitions::test_cannot_initialize_twice 
PASSED [ 63%]


tests/test_widget_lifecycle.py::TestInvalidTransitions::test_cannot_deactivate_from_initialized 
PASSED [ 66%]


tests/test_widget_lifecycle.py::TestLifecycleErrorHandling::test_initialization_failure 
PASSED [ 70%]


tests/test_widget_lifecycle.py::TestLifecycleErrorHandling::test_activation_failure 
PASSED [ 73%]


tests/test_widget_lifecycle.py::TestLifecycleErrorHandling::test_deactivation_failure 
PASSED [ 76%]


tests/test_widget_lifecycle.py::TestLifecycleErrorHandling::test_cleanup_continues_on_failure 
PASSED [ 80%]


tests/test_widget_lifecycle.py::TestLifecycleThreadSafety::test_concurrent_state_reads 
PASSED [ 83%]


tests/test_widget_lifecycle.py::TestLifecycleThreadSafety::test_concurrent_lifecycle_queries 
PASSED [ 86%]


tests/test_widget_lifecycle.py::TestResourceManagerIntegration::test_set_resource_manager 
PASSED [ 90%]


tests/test_widget_lifecycle.py::TestResourceManagerIntegration::test_cleanup_unregisters_resources 
PASSED [ 93%]


tests/test_widget_lifecycle.py::TestFullLifecycleCycle::test_full_lifecycle_cycle 
PASSED [ 96%]


tests/test_widget_lifecycle.py::TestFullLifecycleCycle::test_multiple_lifecycle_cycles_no_leaks 
PASSED [100%]




============================= 30 passed in 0.25s ==============================


===== pytest run 2025-12-29 09:44:05 args=['tests/test_widget_lifecycle.py', '-v'] =====

=========================================================================================== test session starts ===========================================================================================

platform win32 -- Python 3.11.9, pytest-8.4.1, pluggy-1.6.0 -- C:\Python311\python.exe

cachedir: .pytest_cache

PySide6 6.9.1 -- Qt runtime 6.9.1 -- Qt compiled 6.9.1

rootdir: F:\Programming\Apps\ShittyRandomPhotoScreenSaver

configfile: pytest.ini

plugins: qt-4.5.0

collecting ... 
collected 30 items



tests/test_widget_lifecycle.py::TestLifecycleStateTransitions::test_valid_transitions_from_created 
PASSED                                                                                            [  3%]


tests/test_widget_lifecycle.py::TestLifecycleStateTransitions::test_invalid_transitions_from_created 
PASSED                                                                                          [  6%]


tests/test_widget_lifecycle.py::TestLifecycleStateTransitions::test_valid_transitions_from_initialized 
PASSED                                                                                        [ 10%]


tests/test_widget_lifecycle.py::TestLifecycleStateTransitions::test_invalid_transitions_from_initialized 
PASSED                                                                                      [ 13%]


tests/test_widget_lifecycle.py::TestLifecycleStateTransitions::test_valid_transitions_from_active 
PASSED                                                                                             [ 16%]


tests/test_widget_lifecycle.py::TestLifecycleStateTransitions::test_invalid_transitions_from_active 
PASSED                                                                                           [ 20%]


tests/test_widget_lifecycle.py::TestLifecycleStateTransitions::test_valid_transitions_from_hidden 
PASSED                                                                                             [ 23%]


tests/test_widget_lifecycle.py::TestLifecycleStateTransitions::test_destroyed_is_terminal 
PASSED                                                                                                     [ 26%]


tests/test_widget_lifecycle.py::TestWidgetLifecycle::test_initial_state_is_created 
PASSED                                                                                                            [ 30%]


tests/test_widget_lifecycle.py::TestWidgetLifecycle::test_initialize_transitions_to_initialized 
PASSED                                                                                               [ 33%]


tests/test_widget_lifecycle.py::TestWidgetLifecycle::test_activate_transitions_to_active 
PASSED                                                                                                      [ 36%]


tests/test_widget_lifecycle.py::TestWidgetLifecycle::test_deactivate_transitions_to_hidden 
PASSED                                                                                                    [ 40%]


tests/test_widget_lifecycle.py::TestWidgetLifecycle::test_reactivate_from_hidden 
PASSED                                                                                                              [ 43%]


tests/test_widget_lifecycle.py::TestWidgetLifecycle::test_cleanup_transitions_to_destroyed 
PASSED                                                                                                    [ 46%]


tests/test_widget_lifecycle.py::TestWidgetLifecycle::test_cleanup_is_idempotent 
PASSED                                                                                                               [ 50%]


tests/test_widget_lifecycle.py::TestWidgetLifecycle::test_cleanup_from_any_state 
PASSED                                                                                                              [ 53%]


tests/test_widget_lifecycle.py::TestInvalidTransitions::test_cannot_activate_from_created 
PASSED                                                                                                     [ 56%]


tests/test_widget_lifecycle.py::TestInvalidTransitions::test_cannot_deactivate_from_created 
PASSED                                                                                                   [ 60%]


tests/test_widget_lifecycle.py::TestInvalidTransitions::test_cannot_initialize_twice 
PASSED                                                                                                          [ 63%]


tests/test_widget_lifecycle.py::TestInvalidTransitions::test_cannot_deactivate_from_initialized 
PASSED                                                                                               [ 66%]


tests/test_widget_lifecycle.py::TestLifecycleErrorHandling::test_initialization_failure 
PASSED                                                                                                       [ 70%]


tests/test_widget_lifecycle.py::TestLifecycleErrorHandling::test_activation_failure 
PASSED                                                                                                           [ 73%]


tests/test_widget_lifecycle.py::TestLifecycleErrorHandling::test_deactivation_failure 
PASSED                                                                                                         [ 76%]


tests/test_widget_lifecycle.py::TestLifecycleErrorHandling::test_cleanup_continues_on_failure 
PASSED                                                                                                 [ 80%]


tests/test_widget_lifecycle.py::TestLifecycleThreadSafety::test_concurrent_state_reads 
PASSED                                                                                                        [ 83%]


tests/test_widget_lifecycle.py::TestLifecycleThreadSafety::test_concurrent_lifecycle_queries 
PASSED                                                                                                  [ 86%]


tests/test_widget_lifecycle.py::TestResourceManagerIntegration::test_set_resource_manager 
PASSED                                                                                                     [ 90%]


tests/test_widget_lifecycle.py::TestResourceManagerIntegration::test_cleanup_unregisters_resources 
PASSED                                                                                            [ 93%]


tests/test_widget_lifecycle.py::TestFullLifecycleCycle::test_full_lifecycle_cycle 
PASSED                                                                                                             [ 96%]


tests/test_widget_lifecycle.py::TestFullLifecycleCycle::test_multiple_lifecycle_cycles_no_leaks 
PASSED                                                                                               [100%]




=========================================================================================== 30 passed in 0.25s ============================================================================================


===== pytest run 2025-12-29 09:44:11 args=['tests/test_widget_lifecycle.py', '-v'] =====

============================= test session starts =============================

platform win32 -- Python 3.11.9, pytest-8.4.1, pluggy-1.6.0 -- C:\Python311\python.exe

cachedir: .pytest_cache

PySide6 6.9.1 -- Qt runtime 6.9.1 -- Qt compiled 6.9.1

rootdir: F:\Programming\Apps\ShittyRandomPhotoScreenSaver

configfile: pytest.ini

plugins: qt-4.5.0

collecting ... 
collected 30 items



tests/test_widget_lifecycle.py::TestLifecycleStateTransitions::test_valid_transitions_from_created 
PASSED [  3%]


tests/test_widget_lifecycle.py::TestLifecycleStateTransitions::test_invalid_transitions_from_created 
PASSED [  6%]


tests/test_widget_lifecycle.py::TestLifecycleStateTransitions::test_valid_transitions_from_initialized 
PASSED [ 10%]


tests/test_widget_lifecycle.py::TestLifecycleStateTransitions::test_invalid_transitions_from_initialized 
PASSED [ 13%]


tests/test_widget_lifecycle.py::TestLifecycleStateTransitions::test_valid_transitions_from_active 
PASSED [ 16%]


tests/test_widget_lifecycle.py::TestLifecycleStateTransitions::test_invalid_transitions_from_active 
PASSED [ 20%]


tests/test_widget_lifecycle.py::TestLifecycleStateTransitions::test_valid_transitions_from_hidden 
PASSED [ 23%]


tests/test_widget_lifecycle.py::TestLifecycleStateTransitions::test_destroyed_is_terminal 
PASSED [ 26%]


tests/test_widget_lifecycle.py::TestWidgetLifecycle::test_initial_state_is_created 
PASSED [ 30%]


tests/test_widget_lifecycle.py::TestWidgetLifecycle::test_initialize_transitions_to_initialized 
PASSED [ 33%]


tests/test_widget_lifecycle.py::TestWidgetLifecycle::test_activate_transitions_to_active 
PASSED [ 36%]


tests/test_widget_lifecycle.py::TestWidgetLifecycle::test_deactivate_transitions_to_hidden 
PASSED [ 40%]


tests/test_widget_lifecycle.py::TestWidgetLifecycle::test_reactivate_from_hidden 
PASSED [ 43%]


tests/test_widget_lifecycle.py::TestWidgetLifecycle::test_cleanup_transitions_to_destroyed 
PASSED [ 46%]


tests/test_widget_lifecycle.py::TestWidgetLifecycle::test_cleanup_is_idempotent 
PASSED [ 50%]


tests/test_widget_lifecycle.py::TestWidgetLifecycle::test_cleanup_from_any_state 
PASSED [ 53%]


tests/test_widget_lifecycle.py::TestInvalidTransitions::test_cannot_activate_from_created 
PASSED [ 56%]


tests/test_widget_lifecycle.py::TestInvalidTransitions::test_cannot_deactivate_from_created 
PASSED [ 60%]


tests/test_widget_lifecycle.py::TestInvalidTransitions::test_cannot_initialize_twice 
PASSED [ 63%]


tests/test_widget_lifecycle.py::TestInvalidTransitions::test_cannot_deactivate_from_initialized 
PASSED [ 66%]


tests/test_widget_lifecycle.py::TestLifecycleErrorHandling::test_initialization_failure 
PASSED [ 70%]


tests/test_widget_lifecycle.py::TestLifecycleErrorHandling::test_activation_failure 
PASSED [ 73%]


tests/test_widget_lifecycle.py::TestLifecycleErrorHandling::test_deactivation_failure 
PASSED [ 76%]


tests/test_widget_lifecycle.py::TestLifecycleErrorHandling::test_cleanup_continues_on_failure 
PASSED [ 80%]


tests/test_widget_lifecycle.py::TestLifecycleThreadSafety::test_concurrent_state_reads 
PASSED [ 83%]


tests/test_widget_lifecycle.py::TestLifecycleThreadSafety::test_concurrent_lifecycle_queries 
PASSED [ 86%]


tests/test_widget_lifecycle.py::TestResourceManagerIntegration::test_set_resource_manager 
PASSED [ 90%]


tests/test_widget_lifecycle.py::TestResourceManagerIntegration::test_cleanup_unregisters_resources 
PASSED [ 93%]


tests/test_widget_lifecycle.py::TestFullLifecycleCycle::test_full_lifecycle_cycle 
PASSED [ 96%]


tests/test_widget_lifecycle.py::TestFullLifecycleCycle::test_multiple_lifecycle_cycles_no_leaks 
PASSED [100%]




============================= 30 passed in 0.25s ==============================


===== pytest run 2025-12-29 09:44:21 args=['tests/test_widget_lifecycle.py', '-v', '--tb=short'] =====

============================= test session starts =============================

platform win32 -- Python 3.11.9, pytest-8.4.1, pluggy-1.6.0 -- C:\Python311\python.exe

cachedir: .pytest_cache

PySide6 6.9.1 -- Qt runtime 6.9.1 -- Qt compiled 6.9.1

rootdir: F:\Programming\Apps\ShittyRandomPhotoScreenSaver

configfile: pytest.ini

plugins: qt-4.5.0

collecting ... 
collected 30 items



tests/test_widget_lifecycle.py::TestLifecycleStateTransitions::test_valid_transitions_from_created 
PASSED [  3%]


tests/test_widget_lifecycle.py::TestLifecycleStateTransitions::test_invalid_transitions_from_created 
PASSED [  6%]


tests/test_widget_lifecycle.py::TestLifecycleStateTransitions::test_valid_transitions_from_initialized 
PASSED [ 10%]


tests/test_widget_lifecycle.py::TestLifecycleStateTransitions::test_invalid_transitions_from_initialized 
PASSED [ 13%]


tests/test_widget_lifecycle.py::TestLifecycleStateTransitions::test_valid_transitions_from_active 
PASSED [ 16%]


tests/test_widget_lifecycle.py::TestLifecycleStateTransitions::test_invalid_transitions_from_active 
PASSED [ 20%]


tests/test_widget_lifecycle.py::TestLifecycleStateTransitions::test_valid_transitions_from_hidden 
PASSED [ 23%]


tests/test_widget_lifecycle.py::TestLifecycleStateTransitions::test_destroyed_is_terminal 
PASSED [ 26%]


tests/test_widget_lifecycle.py::TestWidgetLifecycle::test_initial_state_is_created 
PASSED [ 30%]


tests/test_widget_lifecycle.py::TestWidgetLifecycle::test_initialize_transitions_to_initialized 
PASSED [ 33%]


tests/test_widget_lifecycle.py::TestWidgetLifecycle::test_activate_transitions_to_active 
PASSED [ 36%]


tests/test_widget_lifecycle.py::TestWidgetLifecycle::test_deactivate_transitions_to_hidden 
PASSED [ 40%]


tests/test_widget_lifecycle.py::TestWidgetLifecycle::test_reactivate_from_hidden 
PASSED [ 43%]


tests/test_widget_lifecycle.py::TestWidgetLifecycle::test_cleanup_transitions_to_destroyed 
PASSED [ 46%]


tests/test_widget_lifecycle.py::TestWidgetLifecycle::test_cleanup_is_idempotent 
PASSED [ 50%]


tests/test_widget_lifecycle.py::TestWidgetLifecycle::test_cleanup_from_any_state 
PASSED [ 53%]


tests/test_widget_lifecycle.py::TestInvalidTransitions::test_cannot_activate_from_created 
PASSED [ 56%]


tests/test_widget_lifecycle.py::TestInvalidTransitions::test_cannot_deactivate_from_created 
PASSED [ 60%]


tests/test_widget_lifecycle.py::TestInvalidTransitions::test_cannot_initialize_twice 
PASSED [ 63%]


tests/test_widget_lifecycle.py::TestInvalidTransitions::test_cannot_deactivate_from_initialized 
PASSED [ 66%]


tests/test_widget_lifecycle.py::TestLifecycleErrorHandling::test_initialization_failure 
PASSED [ 70%]


tests/test_widget_lifecycle.py::TestLifecycleErrorHandling::test_activation_failure 
PASSED [ 73%]


tests/test_widget_lifecycle.py::TestLifecycleErrorHandling::test_deactivation_failure 
PASSED [ 76%]


tests/test_widget_lifecycle.py::TestLifecycleErrorHandling::test_cleanup_continues_on_failure 
PASSED [ 80%]


tests/test_widget_lifecycle.py::TestLifecycleThreadSafety::test_concurrent_state_reads 
PASSED [ 83%]


tests/test_widget_lifecycle.py::TestLifecycleThreadSafety::test_concurrent_lifecycle_queries 
PASSED [ 86%]


tests/test_widget_lifecycle.py::TestResourceManagerIntegration::test_set_resource_manager 
PASSED [ 90%]


tests/test_widget_lifecycle.py::TestResourceManagerIntegration::test_cleanup_unregisters_resources 
PASSED [ 93%]


tests/test_widget_lifecycle.py::TestFullLifecycleCycle::test_full_lifecycle_cycle 
PASSED [ 96%]


tests/test_widget_lifecycle.py::TestFullLifecycleCycle::test_multiple_lifecycle_cycles_no_leaks 
PASSED [100%]




============================= 30 passed in 0.25s ==============================


===== pytest run 2025-12-29 09:44:32 args=['tests/test_widget_lifecycle.py', '--co', '-q'] =====

tests/test_widget_lifecycle.py::TestLifecycleStateTransitions::test_valid_transitions_from_created

tests/test_widget_lifecycle.py::TestLifecycleStateTransitions::test_invalid_transitions_from_created

tests/test_widget_lifecycle.py::TestLifecycleStateTransitions::test_valid_transitions_from_initialized

tests/test_widget_lifecycle.py::TestLifecycleStateTransitions::test_invalid_transitions_from_initialized

tests/test_widget_lifecycle.py::TestLifecycleStateTransitions::test_valid_transitions_from_active

tests/test_widget_lifecycle.py::TestLifecycleStateTransitions::test_invalid_transitions_from_active

tests/test_widget_lifecycle.py::TestLifecycleStateTransitions::test_valid_transitions_from_hidden

tests/test_widget_lifecycle.py::TestLifecycleStateTransitions::test_destroyed_is_terminal

tests/test_widget_lifecycle.py::TestWidgetLifecycle::test_initial_state_is_created

tests/test_widget_lifecycle.py::TestWidgetLifecycle::test_initialize_transitions_to_initialized

tests/test_widget_lifecycle.py::TestWidgetLifecycle::test_activate_transitions_to_active

tests/test_widget_lifecycle.py::TestWidgetLifecycle::test_deactivate_transitions_to_hidden

tests/test_widget_lifecycle.py::TestWidgetLifecycle::test_reactivate_from_hidden

tests/test_widget_lifecycle.py::TestWidgetLifecycle::test_cleanup_transitions_to_destroyed

tests/test_widget_lifecycle.py::TestWidgetLifecycle::test_cleanup_is_idempotent

tests/test_widget_lifecycle.py::TestWidgetLifecycle::test_cleanup_from_any_state

tests/test_widget_lifecycle.py::TestInvalidTransitions::test_cannot_activate_from_created

tests/test_widget_lifecycle.py::TestInvalidTransitions::test_cannot_deactivate_from_created

tests/test_widget_lifecycle.py::TestInvalidTransitions::test_cannot_initialize_twice

tests/test_widget_lifecycle.py::TestInvalidTransitions::test_cannot_deactivate_from_initialized

tests/test_widget_lifecycle.py::TestLifecycleErrorHandling::test_initialization_failure

tests/test_widget_lifecycle.py::TestLifecycleErrorHandling::test_activation_failure

tests/test_widget_lifecycle.py::TestLifecycleErrorHandling::test_deactivation_failure

tests/test_widget_lifecycle.py::TestLifecycleErrorHandling::test_cleanup_continues_on_failure

tests/test_widget_lifecycle.py::TestLifecycleThreadSafety::test_concurrent_state_reads

tests/test_widget_lifecycle.py::TestLifecycleThreadSafety::test_concurrent_lifecycle_queries

tests/test_widget_lifecycle.py::TestResourceManagerIntegration::test_set_resource_manager

tests/test_widget_lifecycle.py::TestResourceManagerIntegration::test_cleanup_unregisters_resources

tests/test_widget_lifecycle.py::TestFullLifecycleCycle::test_full_lifecycle_cycle

tests/test_widget_lifecycle.py::TestFullLifecycleCycle::test_multiple_lifecycle_cycles_no_leaks



30 tests collected in 0.20s


===== pytest run 2025-12-29 09:44:43 args=['tests/test_widget_lifecycle.py', '-v', '--tb=short'] =====

=========================================================================================== test session starts ===========================================================================================

platform win32 -- Python 3.11.9, pytest-8.4.1, pluggy-1.6.0 -- C:\Python311\python.exe

cachedir: .pytest_cache

PySide6 6.9.1 -- Qt runtime 6.9.1 -- Qt compiled 6.9.1

rootdir: F:\Programming\Apps\ShittyRandomPhotoScreenSaver

configfile: pytest.ini

plugins: qt-4.5.0

collecting ... 
collected 30 items



tests/test_widget_lifecycle.py::TestLifecycleStateTransitions::test_valid_transitions_from_created 
PASSED                                                                                            [  3%]


tests/test_widget_lifecycle.py::TestLifecycleStateTransitions::test_invalid_transitions_from_created 
PASSED                                                                                          [  6%]


tests/test_widget_lifecycle.py::TestLifecycleStateTransitions::test_valid_transitions_from_initialized 
PASSED                                                                                        [ 10%]


tests/test_widget_lifecycle.py::TestLifecycleStateTransitions::test_invalid_transitions_from_initialized 
PASSED                                                                                      [ 13%]


tests/test_widget_lifecycle.py::TestLifecycleStateTransitions::test_valid_transitions_from_active 
PASSED                                                                                             [ 16%]


tests/test_widget_lifecycle.py::TestLifecycleStateTransitions::test_invalid_transitions_from_active 
PASSED                                                                                           [ 20%]


tests/test_widget_lifecycle.py::TestLifecycleStateTransitions::test_valid_transitions_from_hidden 
PASSED                                                                                             [ 23%]


tests/test_widget_lifecycle.py::TestLifecycleStateTransitions::test_destroyed_is_terminal 
PASSED                                                                                                     [ 26%]


tests/test_widget_lifecycle.py::TestWidgetLifecycle::test_initial_state_is_created 
PASSED                                                                                                            [ 30%]


tests/test_widget_lifecycle.py::TestWidgetLifecycle::test_initialize_transitions_to_initialized 
PASSED                                                                                               [ 33%]


tests/test_widget_lifecycle.py::TestWidgetLifecycle::test_activate_transitions_to_active 
PASSED                                                                                                      [ 36%]


tests/test_widget_lifecycle.py::TestWidgetLifecycle::test_deactivate_transitions_to_hidden 
PASSED                                                                                                    [ 40%]


tests/test_widget_lifecycle.py::TestWidgetLifecycle::test_reactivate_from_hidden 
PASSED                                                                                                              [ 43%]


tests/test_widget_lifecycle.py::TestWidgetLifecycle::test_cleanup_transitions_to_destroyed 
PASSED                                                                                                    [ 46%]


tests/test_widget_lifecycle.py::TestWidgetLifecycle::test_cleanup_is_idempotent 
PASSED                                                                                                               [ 50%]


tests/test_widget_lifecycle.py::TestWidgetLifecycle::test_cleanup_from_any_state 
PASSED                                                                                                              [ 53%]


tests/test_widget_lifecycle.py::TestInvalidTransitions::test_cannot_activate_from_created 
PASSED                                                                                                     [ 56%]


tests/test_widget_lifecycle.py::TestInvalidTransitions::test_cannot_deactivate_from_created 
PASSED                                                                                                   [ 60%]


tests/test_widget_lifecycle.py::TestInvalidTransitions::test_cannot_initialize_twice 
PASSED                                                                                                          [ 63%]


tests/test_widget_lifecycle.py::TestInvalidTransitions::test_cannot_deactivate_from_initialized 
PASSED                                                                                               [ 66%]


tests/test_widget_lifecycle.py::TestLifecycleErrorHandling::test_initialization_failure 
PASSED                                                                                                       [ 70%]


tests/test_widget_lifecycle.py::TestLifecycleErrorHandling::test_activation_failure 
PASSED                                                                                                           [ 73%]


tests/test_widget_lifecycle.py::TestLifecycleErrorHandling::test_deactivation_failure 
PASSED                                                                                                         [ 76%]


tests/test_widget_lifecycle.py::TestLifecycleErrorHandling::test_cleanup_continues_on_failure 
PASSED                                                                                                 [ 80%]


tests/test_widget_lifecycle.py::TestLifecycleThreadSafety::test_concurrent_state_reads 
PASSED                                                                                                        [ 83%]


tests/test_widget_lifecycle.py::TestLifecycleThreadSafety::test_concurrent_lifecycle_queries 
PASSED                                                                                                  [ 86%]


tests/test_widget_lifecycle.py::TestResourceManagerIntegration::test_set_resource_manager 
PASSED                                                                                                     [ 90%]


tests/test_widget_lifecycle.py::TestResourceManagerIntegration::test_cleanup_unregisters_resources 
PASSED                                                                                            [ 93%]


tests/test_widget_lifecycle.py::TestFullLifecycleCycle::test_full_lifecycle_cycle 
PASSED                                                                                                             [ 96%]


tests/test_widget_lifecycle.py::TestFullLifecycleCycle::test_multiple_lifecycle_cycles_no_leaks 
PASSED                                                                                               [100%]




=========================================================================================== 30 passed in 0.26s ============================================================================================


===== pytest run 2025-12-29 09:44:56 args=['tests/test_widget_lifecycle.py', '-v'] =====

=========================================================================================== test session starts ===========================================================================================

platform win32 -- Python 3.11.9, pytest-8.4.1, pluggy-1.6.0 -- C:\Python311\python.exe

cachedir: .pytest_cache

PySide6 6.9.1 -- Qt runtime 6.9.1 -- Qt compiled 6.9.1

rootdir: F:\Programming\Apps\ShittyRandomPhotoScreenSaver

configfile: pytest.ini

plugins: qt-4.5.0

collecting ... 
collected 30 items



tests/test_widget_lifecycle.py::TestLifecycleStateTransitions::test_valid_transitions_from_created 
PASSED                                                                                            [  3%]


tests/test_widget_lifecycle.py::TestLifecycleStateTransitions::test_invalid_transitions_from_created 
PASSED                                                                                          [  6%]


tests/test_widget_lifecycle.py::TestLifecycleStateTransitions::test_valid_transitions_from_initialized 
PASSED                                                                                        [ 10%]


tests/test_widget_lifecycle.py::TestLifecycleStateTransitions::test_invalid_transitions_from_initialized 
PASSED                                                                                      [ 13%]


tests/test_widget_lifecycle.py::TestLifecycleStateTransitions::test_valid_transitions_from_active 
PASSED                                                                                             [ 16%]


tests/test_widget_lifecycle.py::TestLifecycleStateTransitions::test_invalid_transitions_from_active 
PASSED                                                                                           [ 20%]


tests/test_widget_lifecycle.py::TestLifecycleStateTransitions::test_valid_transitions_from_hidden 
PASSED                                                                                             [ 23%]


tests/test_widget_lifecycle.py::TestLifecycleStateTransitions::test_destroyed_is_terminal 
PASSED                                                                                                     [ 26%]


tests/test_widget_lifecycle.py::TestWidgetLifecycle::test_initial_state_is_created 
PASSED                                                                                                            [ 30%]


tests/test_widget_lifecycle.py::TestWidgetLifecycle::test_initialize_transitions_to_initialized 
PASSED                                                                                               [ 33%]


tests/test_widget_lifecycle.py::TestWidgetLifecycle::test_activate_transitions_to_active 
PASSED                                                                                                      [ 36%]


tests/test_widget_lifecycle.py::TestWidgetLifecycle::test_deactivate_transitions_to_hidden 
PASSED                                                                                                    [ 40%]


tests/test_widget_lifecycle.py::TestWidgetLifecycle::test_reactivate_from_hidden 
PASSED                                                                                                              [ 43%]


tests/test_widget_lifecycle.py::TestWidgetLifecycle::test_cleanup_transitions_to_destroyed 
PASSED                                                                                                    [ 46%]


tests/test_widget_lifecycle.py::TestWidgetLifecycle::test_cleanup_is_idempotent 
PASSED                                                                                                               [ 50%]


tests/test_widget_lifecycle.py::TestWidgetLifecycle::test_cleanup_from_any_state 
PASSED                                                                                                              [ 53%]


tests/test_widget_lifecycle.py::TestInvalidTransitions::test_cannot_activate_from_created 
PASSED                                                                                                     [ 56%]


tests/test_widget_lifecycle.py::TestInvalidTransitions::test_cannot_deactivate_from_created 
PASSED                                                                                                   [ 60%]


tests/test_widget_lifecycle.py::TestInvalidTransitions::test_cannot_initialize_twice 
PASSED                                                                                                          [ 63%]


tests/test_widget_lifecycle.py::TestInvalidTransitions::test_cannot_deactivate_from_initialized 
PASSED                                                                                               [ 66%]


tests/test_widget_lifecycle.py::TestLifecycleErrorHandling::test_initialization_failure 
PASSED                                                                                                       [ 70%]


tests/test_widget_lifecycle.py::TestLifecycleErrorHandling::test_activation_failure 
PASSED                                                                                                           [ 73%]


tests/test_widget_lifecycle.py::TestLifecycleErrorHandling::test_deactivation_failure 
PASSED                                                                                                         [ 76%]


tests/test_widget_lifecycle.py::TestLifecycleErrorHandling::test_cleanup_continues_on_failure 
PASSED                                                                                                 [ 80%]


tests/test_widget_lifecycle.py::TestLifecycleThreadSafety::test_concurrent_state_reads 
PASSED                                                                                                        [ 83%]


tests/test_widget_lifecycle.py::TestLifecycleThreadSafety::test_concurrent_lifecycle_queries 
PASSED                                                                                                  [ 86%]


tests/test_widget_lifecycle.py::TestResourceManagerIntegration::test_set_resource_manager 
PASSED                                                                                                     [ 90%]


tests/test_widget_lifecycle.py::TestResourceManagerIntegration::test_cleanup_unregisters_resources 
PASSED                                                                                            [ 93%]


tests/test_widget_lifecycle.py::TestFullLifecycleCycle::test_full_lifecycle_cycle 
PASSED                                                                                                             [ 96%]


tests/test_widget_lifecycle.py::TestFullLifecycleCycle::test_multiple_lifecycle_cycles_no_leaks 
PASSED                                                                                               [100%]




=========================================================================================== 30 passed in 0.26s ============================================================================================


===== pytest run 2025-12-29 09:47:34 args=['tests/test_gl_state_manager.py', '-v'] =====

=========================================================================================== test session starts ===========================================================================================

platform win32 -- Python 3.11.9, pytest-8.4.1, pluggy-1.6.0 -- C:\Python311\python.exe

cachedir: .pytest_cache

PySide6 6.9.1 -- Qt runtime 6.9.1 -- Qt compiled 6.9.1

rootdir: F:\Programming\Apps\ShittyRandomPhotoScreenSaver

configfile: pytest.ini

plugins: qt-4.5.0

collecting ... 
collected 34 items



tests/test_gl_state_manager.py::TestGLStateTransitions::test_valid_transitions_from_uninitialized 
PASSED                                                                                             [  2%]


tests/test_gl_state_manager.py::TestGLStateTransitions::test_invalid_transitions_from_uninitialized 
PASSED                                                                                           [  5%]


tests/test_gl_state_manager.py::TestGLStateTransitions::test_valid_transitions_from_initializing 
PASSED                                                                                              [  8%]


tests/test_gl_state_manager.py::TestGLStateTransitions::test_valid_transitions_from_ready 
PASSED                                                                                                     [ 11%]


tests/test_gl_state_manager.py::TestGLStateTransitions::test_invalid_transitions_from_ready 
PASSED                                                                                                   [ 14%]


tests/test_gl_state_manager.py::TestGLStateTransitions::test_recovery_transitions 
PASSED                                                                                                             [ 17%]


tests/test_gl_state_manager.py::TestGLStateTransitions::test_destroyed_is_terminal 
PASSED                                                                                                            [ 20%]


tests/test_gl_state_manager.py::TestGLStateManager::test_initial_state 
PASSED                                                                                                                        [ 23%]


tests/test_gl_state_manager.py::TestGLStateManager::test_transition_to_initializing 
PASSED                                                                                                           [ 26%]


tests/test_gl_state_manager.py::TestGLStateManager::test_transition_to_ready 
PASSED                                                                                                                  [ 29%]


tests/test_gl_state_manager.py::TestGLStateManager::test_transition_to_error 
PASSED                                                                                                                  [ 32%]


tests/test_gl_state_manager.py::TestGLStateManager::test_transition_to_context_lost 
PASSED                                                                                                           [ 35%]


tests/test_gl_state_manager.py::TestGLStateManager::test_full_lifecycle 
PASSED                                                                                                                       [ 38%]


tests/test_gl_state_manager.py::TestGLStateManager::test_invalid_transition_rejected 
PASSED                                                                                                          [ 41%]


tests/test_gl_state_manager.py::TestGLStateManager::test_recovery_from_error 
FAILED                                                                                                                  [ 44%]


tests/test_gl_state_manager.py::TestGLStateManager::test_force_state 
PASSED                                                                                                                          [ 47%]


tests/test_gl_state_manager.py::TestGLStateManager::test_clear_error 
PASSED                                                                                                                          [ 50%]


tests/test_gl_state_manager.py::TestGLStateCallbacks::test_state_callback_invoked 
PASSED                                                                                                             [ 52%]


tests/test_gl_state_manager.py::TestGLStateCallbacks::test_any_state_callback 
PASSED                                                                                                                 [ 55%]


tests/test_gl_state_manager.py::TestGLStateCallbacks::test_unregister_callback 
PASSED                                                                                                                [ 58%]


tests/test_gl_state_manager.py::TestGLStateCallbacks::test_callback_error_handled 
PASSED                                                                                                             [ 61%]


tests/test_gl_state_manager.py::TestGLStateDebugging::test_transition_history 
PASSED                                                                                                                 [ 64%]


tests/test_gl_state_manager.py::TestGLStateDebugging::test_stats_tracking 
FAILED                                                                                                                     [ 67%]


tests/test_gl_state_manager.py::TestGLStateDebugging::test_dump_state 
PASSED                                                                                                                         [ 70%]


tests/test_gl_state_manager.py::TestGLStateDebugging::test_get_name 
PASSED                                                                                                                           [ 73%]


tests/test_gl_state_manager.py::TestGLStateDebugging::test_reset 
PASSED                                                                                                                              [ 76%]


tests/test_gl_state_manager.py::TestGLStateThreadSafety::test_concurrent_state_reads 
PASSED                                                                                                          [ 79%]


tests/test_gl_state_manager.py::TestGLStateThreadSafety::test_concurrent_transitions 
PASSED                                                                                                          [ 82%]


tests/test_gl_state_manager.py::TestGLStateGuard::test_guard_valid_when_ready 
PASSED                                                                                                                 [ 85%]


tests/test_gl_state_manager.py::TestGLStateGuard::test_guard_invalid_when_not_ready 
PASSED                                                                                                           [ 88%]


tests/test_gl_state_manager.py::TestGLStateGuard::test_guard_handles_exception 
PASSED                                                                                                                [ 91%]


tests/test_gl_state_manager.py::TestGLStateContextManager::test_context_manager_normal_flow 
PASSED                                                                                                   [ 94%]


tests/test_gl_state_manager.py::TestGLStateContextManager::test_context_manager_with_exception 
PASSED                                                                                                [ 97%]


tests/test_gl_state_manager.py::TestGLStateFactory::test_create_gl_state_manager 
PASSED                                                                                                              [100%]




================================================================================================ FAILURES =================================================================================================

_______________________________________________________________________________ TestGLStateManager.test_recovery_from_error _______________________________________________________________________________



self = <tests.test_gl_state_manager.TestGLStateManager object at 0x0000014FD2E38E90>, state_manager = <rendering.gl_state_manager.GLStateManager object at 0x0000014FD2E25150>



    def test_recovery_from_error(self, state_manager):

        """Test recovery from ERROR state."""

        state_manager.transition(GLContextState.INITIALIZING)

        state_manager.transition(GLContextState.ERROR, "Test error")

    

        # Can retry initialization

        assert state_manager.transition(GLContextState.INITIALIZING)

        assert state_manager.transition(GLContextState.READY)

    

        # Error should be cleared

>       assert state_manager.get_error_message() is None

E       AssertionError: assert 'Test error' is None

E        +  where 'Test error' = get_error_message()

E        +    where get_error_message = <rendering.gl_state_manager.GLStateManager object at 0x0000014FD2E25150>.get_error_message



tests\test_gl_state_manager.py:229: AssertionError

________________________________________________________________________________ TestGLStateDebugging.test_stats_tracking _________________________________________________________________________________



self = <tests.test_gl_state_manager.TestGLStateDebugging object at 0x0000014FD2E3B090>, state_manager = <rendering.gl_state_manager.GLStateManager object at 0x0000014FD2DF8A90>



    def test_stats_tracking(self, state_manager):

        """Test statistics tracking."""

        state_manager.transition(GLContextState.INITIALIZING)

        state_manager.transition(GLContextState.ERROR, "Test")

        state_manager.transition(GLContextState.INITIALIZING)  # Recovery

        state_manager.transition(GLContextState.READY)

    

        # Try invalid transition

        state_manager.transition(GLContextState.UNINITIALIZED)

    

        stats = state_manager.get_stats()

    

        assert stats["transitions"] == 4

        assert stats["invalid_transitions"] == 1

        assert stats["errors"] == 1

>       assert stats["recoveries"] == 1

E       assert 0 == 1



tests\test_gl_state_manager.py:336: AssertionError

-------------------------------------------------------------------------------------------- Captured log call --------------------------------------------------------------------------------------------

WARNING  rendering.gl_state_manager:gl_state_manager.py:228 [GL_STATE] test_context: Invalid transition READY → UNINITIALIZED

========================================================================================= short test summary info =========================================================================================

FAILED tests/test_gl_state_manager.py::TestGLStateManager::test_recovery_from_error - AssertionError: assert 'Test error' is None

FAILED tests/test_gl_state_manager.py::TestGLStateDebugging::test_stats_tracking - assert 0 == 1

====================================================================================== 2 failed, 32 passed in 0.31s =======================================================================================


===== pytest run 2025-12-29 09:48:14 args=['tests/test_gl_state_manager.py', '-v'] =====

=========================================================================================== test session starts ===========================================================================================

platform win32 -- Python 3.11.9, pytest-8.4.1, pluggy-1.6.0 -- C:\Python311\python.exe

cachedir: .pytest_cache

PySide6 6.9.1 -- Qt runtime 6.9.1 -- Qt compiled 6.9.1

rootdir: F:\Programming\Apps\ShittyRandomPhotoScreenSaver

configfile: pytest.ini

plugins: qt-4.5.0

collecting ... 
collected 34 items



tests/test_gl_state_manager.py::TestGLStateTransitions::test_valid_transitions_from_uninitialized 
PASSED                                                                                             [  2%]


tests/test_gl_state_manager.py::TestGLStateTransitions::test_invalid_transitions_from_uninitialized 
PASSED                                                                                           [  5%]


tests/test_gl_state_manager.py::TestGLStateTransitions::test_valid_transitions_from_initializing 
PASSED                                                                                              [  8%]


tests/test_gl_state_manager.py::TestGLStateTransitions::test_valid_transitions_from_ready 
PASSED                                                                                                     [ 11%]


tests/test_gl_state_manager.py::TestGLStateTransitions::test_invalid_transitions_from_ready 
PASSED                                                                                                   [ 14%]


tests/test_gl_state_manager.py::TestGLStateTransitions::test_recovery_transitions 
PASSED                                                                                                             [ 17%]


tests/test_gl_state_manager.py::TestGLStateTransitions::test_destroyed_is_terminal 
PASSED                                                                                                            [ 20%]


tests/test_gl_state_manager.py::TestGLStateManager::test_initial_state 
PASSED                                                                                                                        [ 23%]


tests/test_gl_state_manager.py::TestGLStateManager::test_transition_to_initializing 
PASSED                                                                                                           [ 26%]


tests/test_gl_state_manager.py::TestGLStateManager::test_transition_to_ready 
PASSED                                                                                                                  [ 29%]


tests/test_gl_state_manager.py::TestGLStateManager::test_transition_to_error 
PASSED                                                                                                                  [ 32%]


tests/test_gl_state_manager.py::TestGLStateManager::test_transition_to_context_lost 
PASSED                                                                                                           [ 35%]


tests/test_gl_state_manager.py::TestGLStateManager::test_full_lifecycle 
PASSED                                                                                                                       [ 38%]


tests/test_gl_state_manager.py::TestGLStateManager::test_invalid_transition_rejected 
PASSED                                                                                                          [ 41%]


tests/test_gl_state_manager.py::TestGLStateManager::test_recovery_from_error 
PASSED                                                                                                                  [ 44%]


tests/test_gl_state_manager.py::TestGLStateManager::test_force_state 
PASSED                                                                                                                          [ 47%]


tests/test_gl_state_manager.py::TestGLStateManager::test_clear_error 
PASSED                                                                                                                          [ 50%]


tests/test_gl_state_manager.py::TestGLStateCallbacks::test_state_callback_invoked 
PASSED                                                                                                             [ 52%]


tests/test_gl_state_manager.py::TestGLStateCallbacks::test_any_state_callback 
PASSED                                                                                                                 [ 55%]


tests/test_gl_state_manager.py::TestGLStateCallbacks::test_unregister_callback 
PASSED                                                                                                                [ 58%]


tests/test_gl_state_manager.py::TestGLStateCallbacks::test_callback_error_handled 
PASSED                                                                                                             [ 61%]


tests/test_gl_state_manager.py::TestGLStateDebugging::test_transition_history 
PASSED                                                                                                                 [ 64%]


tests/test_gl_state_manager.py::TestGLStateDebugging::test_stats_tracking 
PASSED                                                                                                                     [ 67%]


tests/test_gl_state_manager.py::TestGLStateDebugging::test_dump_state 
PASSED                                                                                                                         [ 70%]


tests/test_gl_state_manager.py::TestGLStateDebugging::test_get_name 
PASSED                                                                                                                           [ 73%]


tests/test_gl_state_manager.py::TestGLStateDebugging::test_reset 
PASSED                                                                                                                              [ 76%]


tests/test_gl_state_manager.py::TestGLStateThreadSafety::test_concurrent_state_reads 
PASSED                                                                                                          [ 79%]


tests/test_gl_state_manager.py::TestGLStateThreadSafety::test_concurrent_transitions 
PASSED                                                                                                          [ 82%]


tests/test_gl_state_manager.py::TestGLStateGuard::test_guard_valid_when_ready 
PASSED                                                                                                                 [ 85%]


tests/test_gl_state_manager.py::TestGLStateGuard::test_guard_invalid_when_not_ready 
PASSED                                                                                                           [ 88%]


tests/test_gl_state_manager.py::TestGLStateGuard::test_guard_handles_exception 
PASSED                                                                                                                [ 91%]


tests/test_gl_state_manager.py::TestGLStateContextManager::test_context_manager_normal_flow 
PASSED                                                                                                   [ 94%]


tests/test_gl_state_manager.py::TestGLStateContextManager::test_context_manager_with_exception 
PASSED                                                                                                [ 97%]


tests/test_gl_state_manager.py::TestGLStateFactory::test_create_gl_state_manager 
PASSED                                                                                                              [100%]




=========================================================================================== 34 passed in 0.15s ============================================================================================


===== pytest run 2025-12-29 09:50:14 args=['tests/test_gl_state_manager.py', 'tests/test_widget_lifecycle.py', '-v'] =====

=========================================================================================== test session starts ===========================================================================================

platform win32 -- Python 3.11.9, pytest-8.4.1, pluggy-1.6.0 -- C:\Python311\python.exe

cachedir: .pytest_cache

PySide6 6.9.1 -- Qt runtime 6.9.1 -- Qt compiled 6.9.1

rootdir: F:\Programming\Apps\ShittyRandomPhotoScreenSaver

configfile: pytest.ini

plugins: qt-4.5.0

collecting ... 
collected 64 items



tests/test_gl_state_manager.py::TestGLStateTransitions::test_valid_transitions_from_uninitialized 
PASSED                                                                                             [  1%]


tests/test_gl_state_manager.py::TestGLStateTransitions::test_invalid_transitions_from_uninitialized 
PASSED                                                                                           [  3%]


tests/test_gl_state_manager.py::TestGLStateTransitions::test_valid_transitions_from_initializing 
PASSED                                                                                              [  4%]


tests/test_gl_state_manager.py::TestGLStateTransitions::test_valid_transitions_from_ready 
PASSED                                                                                                     [  6%]


tests/test_gl_state_manager.py::TestGLStateTransitions::test_invalid_transitions_from_ready 
PASSED                                                                                                   [  7%]


tests/test_gl_state_manager.py::TestGLStateTransitions::test_recovery_transitions 
PASSED                                                                                                             [  9%]


tests/test_gl_state_manager.py::TestGLStateTransitions::test_destroyed_is_terminal 
PASSED                                                                                                            [ 10%]


tests/test_gl_state_manager.py::TestGLStateManager::test_initial_state 
PASSED                                                                                                                        [ 12%]


tests/test_gl_state_manager.py::TestGLStateManager::test_transition_to_initializing 
PASSED                                                                                                           [ 14%]


tests/test_gl_state_manager.py::TestGLStateManager::test_transition_to_ready 
PASSED                                                                                                                  [ 15%]


tests/test_gl_state_manager.py::TestGLStateManager::test_transition_to_error 
PASSED                                                                                                                  [ 17%]


tests/test_gl_state_manager.py::TestGLStateManager::test_transition_to_context_lost 
PASSED                                                                                                           [ 18%]


tests/test_gl_state_manager.py::TestGLStateManager::test_full_lifecycle 
PASSED                                                                                                                       [ 20%]


tests/test_gl_state_manager.py::TestGLStateManager::test_invalid_transition_rejected 
PASSED                                                                                                          [ 21%]


tests/test_gl_state_manager.py::TestGLStateManager::test_recovery_from_error 
PASSED                                                                                                                  [ 23%]


tests/test_gl_state_manager.py::TestGLStateManager::test_force_state 
PASSED                                                                                                                          [ 25%]


tests/test_gl_state_manager.py::TestGLStateManager::test_clear_error 
PASSED                                                                                                                          [ 26%]


tests/test_gl_state_manager.py::TestGLStateCallbacks::test_state_callback_invoked 
PASSED                                                                                                             [ 28%]


tests/test_gl_state_manager.py::TestGLStateCallbacks::test_any_state_callback 
PASSED                                                                                                                 [ 29%]


tests/test_gl_state_manager.py::TestGLStateCallbacks::test_unregister_callback 
PASSED                                                                                                                [ 31%]


tests/test_gl_state_manager.py::TestGLStateCallbacks::test_callback_error_handled 
PASSED                                                                                                             [ 32%]


tests/test_gl_state_manager.py::TestGLStateDebugging::test_transition_history 
PASSED                                                                                                                 [ 34%]


tests/test_gl_state_manager.py::TestGLStateDebugging::test_stats_tracking 
PASSED                                                                                                                     [ 35%]


tests/test_gl_state_manager.py::TestGLStateDebugging::test_dump_state 
PASSED                                                                                                                         [ 37%]


tests/test_gl_state_manager.py::TestGLStateDebugging::test_get_name 
PASSED                                                                                                                           [ 39%]


tests/test_gl_state_manager.py::TestGLStateDebugging::test_reset 
PASSED                                                                                                                              [ 40%]


tests/test_gl_state_manager.py::TestGLStateThreadSafety::test_concurrent_state_reads 
PASSED                                                                                                          [ 42%]


tests/test_gl_state_manager.py::TestGLStateThreadSafety::test_concurrent_transitions 
PASSED                                                                                                          [ 43%]


tests/test_gl_state_manager.py::TestGLStateGuard::test_guard_valid_when_ready 
PASSED                                                                                                                 [ 45%]


tests/test_gl_state_manager.py::TestGLStateGuard::test_guard_invalid_when_not_ready 
PASSED                                                                                                           [ 46%]


tests/test_gl_state_manager.py::TestGLStateGuard::test_guard_handles_exception 
PASSED                                                                                                                [ 48%]


tests/test_gl_state_manager.py::TestGLStateContextManager::test_context_manager_normal_flow 
PASSED                                                                                                   [ 50%]


tests/test_gl_state_manager.py::TestGLStateContextManager::test_context_manager_with_exception 
PASSED                                                                                                [ 51%]


tests/test_gl_state_manager.py::TestGLStateFactory::test_create_gl_state_manager 
PASSED                                                                                                              [ 53%]


tests/test_widget_lifecycle.py::TestLifecycleStateTransitions::test_valid_transitions_from_created 
PASSED                                                                                            [ 54%]


tests/test_widget_lifecycle.py::TestLifecycleStateTransitions::test_invalid_transitions_from_created 
PASSED                                                                                          [ 56%]


tests/test_widget_lifecycle.py::TestLifecycleStateTransitions::test_valid_transitions_from_initialized 
PASSED                                                                                        [ 57%]


tests/test_widget_lifecycle.py::TestLifecycleStateTransitions::test_invalid_transitions_from_initialized 
PASSED                                                                                      [ 59%]


tests/test_widget_lifecycle.py::TestLifecycleStateTransitions::test_valid_transitions_from_active 
PASSED                                                                                             [ 60%]


tests/test_widget_lifecycle.py::TestLifecycleStateTransitions::test_invalid_transitions_from_active 
PASSED                                                                                           [ 62%]


tests/test_widget_lifecycle.py::TestLifecycleStateTransitions::test_valid_transitions_from_hidden 
PASSED                                                                                             [ 64%]


tests/test_widget_lifecycle.py::TestLifecycleStateTransitions::test_destroyed_is_terminal 
PASSED                                                                                                     [ 65%]


tests/test_widget_lifecycle.py::TestWidgetLifecycle::test_initial_state_is_created 
PASSED                                                                                                            [ 67%]


tests/test_widget_lifecycle.py::TestWidgetLifecycle::test_initialize_transitions_to_initialized 
PASSED                                                                                               [ 68%]


tests/test_widget_lifecycle.py::TestWidgetLifecycle::test_activate_transitions_to_active 
PASSED                                                                                                      [ 70%]


tests/test_widget_lifecycle.py::TestWidgetLifecycle::test_deactivate_transitions_to_hidden 
PASSED                                                                                                    [ 71%]


tests/test_widget_lifecycle.py::TestWidgetLifecycle::test_reactivate_from_hidden 
PASSED                                                                                                              [ 73%]


tests/test_widget_lifecycle.py::TestWidgetLifecycle::test_cleanup_transitions_to_destroyed 
PASSED                                                                                                    [ 75%]


tests/test_widget_lifecycle.py::TestWidgetLifecycle::test_cleanup_is_idempotent 
PASSED                                                                                                               [ 76%]


tests/test_widget_lifecycle.py::TestWidgetLifecycle::test_cleanup_from_any_state 
PASSED                                                                                                              [ 78%]


tests/test_widget_lifecycle.py::TestInvalidTransitions::test_cannot_activate_from_created 
PASSED                                                                                                     [ 79%]


tests/test_widget_lifecycle.py::TestInvalidTransitions::test_cannot_deactivate_from_created 
PASSED                                                                                                   [ 81%]


[...]

      <Function test_crossfade_start_with_no_old_image>

      <Function test_crossfade_start_with_images>

      <Function test_crossfade_signals>

      <Function test_crossfade_progress_range>

      <Function test_crossfade_stop>

      <Function test_crossfade_cleanup>

      <Function test_crossfade_invalid_pixmap>

      <Function test_crossfade_already_running>

      <Function test_crossfade_easing_curves>

      <Function test_crossfade_set_easing>

      <Function test_crossfade_repr>

      <Function test_crossfade_state_transitions>

      <Function test_crossfade_multiple_transitions>

    <Module test_transitions_integration.py>

      <Function test_crossfade_with_pan_and_scan>

      <Function test_diffuse_with_pan_and_scan>

      <Function test_pan_and_scan_no_zoom_after_transition>

    <Module test_transitions_tab.py>

      <Function test_slide_and_wipe_directions_are_independent>

      <Function test_default_transition_type_and_direction>

    <Module test_visualizer_modes.py>

      <Class TestVisualizerModeEnum>

        <Function test_visualizer_mode_enum_exists>

        <Function test_visualizer_mode_has_spectrum>

        <Function test_visualizer_mode_count>

      <Class TestVisualizerWidgetModes>

        <Function test_widget_default_mode_is_spectrum>

        <Function test_widget_has_get_visualization_mode>

        <Function test_widget_has_set_visualization_mode>

        <Function test_set_spectrum_mode>

      <Class TestVisualizerWidgetBasics>

        <Function test_widget_creation>

        <Function test_widget_bar_count_initialized>

        <Function test_widget_default_bar_count>

        <Function test_widget_has_bar_segments>

        <Function test_widget_has_display_bars>

        <Function test_widget_has_target_bars>

    <Module test_weather_widget.py>

      <Function test_weather_position_enum>

      <Function test_weather_creation>

      <Function test_weather_no_api_key>

      <Function test_weather_stop>

      <Function test_weather_signals>

      <Function test_weather_display_update>

      <Function test_weather_cache>

      <Function test_weather_all_positions>

      <Function test_weather_set_position>

      <Function test_weather_set_api_key>

      <Function test_weather_set_location>

      <Function test_weather_set_font_size>

      <Function test_weather_set_text_color>

      <Function test_weather_cleanup>

      <Function test_weather_error_handling>

      <Function test_weather_error_with_cache>

      <Function test_weather_fetcher_creation>

      <Function test_weather_fetcher_success>

      <Function test_weather_fetcher_error>

      <Function test_weather_display_no_data>

      <Function test_weather_concurrent_start_prevention>

    <Module test_widget_factories.py>

      <Class TestWidgetFactoryBase>

        <Function test_factory_is_abstract>

        <Function test_shadow_config_extraction>

      <Class TestClockWidgetFactory>

        <Function test_get_widget_name>

        <Function test_create_disabled_returns_none>

        <Function test_create_enabled_returns_widget>

        <Function test_create_with_thread_manager>

      <Class TestWeatherWidgetFactory>

        <Function test_get_widget_name>

        <Function test_create_disabled_returns_none>

        <Function test_create_enabled_returns_widget>

      <Class TestMediaWidgetFactory>

        <Function test_get_widget_name>

        <Function test_create_disabled_returns_none>

      <Class TestRedditWidgetFactory>

        <Function test_get_widget_name>

        <Function test_create_disabled_returns_none>

      <Class TestSpotifyVisualizerFactory>

        <Function test_get_widget_name>

        <Function test_create_disabled_returns_none>

      <Class TestSpotifyVolumeFactory>

        <Function test_get_widget_name>

      <Class TestWidgetFactoryRegistry>

        <Function test_default_factories_registered>

        <Function test_get_all_factory_names>

        <Function test_get_unknown_factory_returns_none>

        <Function test_create_widget_via_registry>

        <Function test_create_unknown_widget_returns_none>

        <Function test_register_custom_factory>

    <Module test_widget_lifecycle.py>

      <Class TestLifecycleStateTransitions>

        <Function test_valid_transitions_from_created>

        <Function test_invalid_transitions_from_created>

        <Function test_valid_transitions_from_initialized>

        <Function test_invalid_transitions_from_initialized>

        <Function test_valid_transitions_from_active>

        <Function test_invalid_transitions_from_active>

        <Function test_valid_transitions_from_hidden>

        <Function test_destroyed_is_terminal>

      <Class TestWidgetLifecycle>

        <Function test_initial_state_is_created>

        <Function test_initialize_transitions_to_initialized>

        <Function test_activate_transitions_to_active>

        <Function test_deactivate_transitions_to_hidden>

        <Function test_reactivate_from_hidden>

        <Function test_cleanup_transitions_to_destroyed>

        <Function test_cleanup_is_idempotent>

        <Function test_cleanup_from_any_state>

      <Class TestInvalidTransitions>

        <Function test_cannot_activate_from_created>

        <Function test_cannot_deactivate_from_created>

        <Function test_cannot_initialize_twice>

        <Function test_cannot_deactivate_from_initialized>

      <Class TestLifecycleErrorHandling>

        <Function test_initialization_failure>

        <Function test_activation_failure>

        <Function test_deactivation_failure>

        <Function test_cleanup_continues_on_failure>

      <Class TestLifecycleThreadSafety>

        <Function test_concurrent_state_reads>

        <Function test_concurrent_lifecycle_queries>

      <Class TestResourceManagerIntegration>

        <Function test_set_resource_manager>

        <Function test_cleanup_unregisters_resources>

      <Class TestFullLifecycleCycle>

        <Function test_full_lifecycle_cycle>

        <Function test_multiple_lifecycle_cycles_no_leaks>

    <Module test_widget_positioner.py>

      <Class TestPositionAnchor>

        <Function test_all_anchors_exist>

      <Class TestPositionConfig>

        <Function test_default_values>

        <Function test_custom_values>

      <Class TestWidgetPositioner>

        <Function test_default_container_size>

        <Function test_set_container_size>

        <Function test_calculate_position_top_left>

        <Function test_calculate_position_top_right>

        <Function test_calculate_position_bottom_left>

        <Function test_calculate_position_bottom_right>

        <Function test_calculate_position_center>

        <Function test_calculate_position_with_stack_offset>

        <Function test_calculate_position_clamps_to_bounds>

      <Class TestCollisionDetection>

        <Function test_check_collision_overlapping>

        <Function test_check_collision_not_overlapping>

        <Function test_check_collision_adjacent>

        <Function test_find_collisions>

      <Class TestStacking>

        <Function test_calculate_stack_offsets_single_widget>

        <Function test_calculate_stack_offsets_multiple_widgets_top>

        <Function test_calculate_stack_offsets_multiple_widgets_bottom>

      <Class TestRelativePositioning>

        <Function test_position_relative_above>

        <Function test_position_relative_below>

    <Module test_widgets_tab.py>

      <Class TestWidgetsTab>

        <Function test_widgets_tab_creation>

        <Function test_widgets_tab_default_values>

        <Function test_widgets_tab_saves_and_roundtrips>



====================================================================================== 907 tests collected in 2.00s =======================================================================================


===== pytest run 2026-01-02 19:57:51 args=[] =====

=========================================================================================== test session starts ===========================================================================================

platform win32 -- Python 3.11.9, pytest-8.4.1, pluggy-1.6.0

PySide6 6.9.1 -- Qt runtime 6.9.1 -- Qt compiled 6.9.1

rootdir: F:\Programming\Apps\ShittyRandomPhotoScreenSaver

configfile: pytest.ini

plugins: cov-7.0.0, qt-4.5.0

collected 907 items / 1 skipped



archive\gmail_feature\test_gmail_widget.py 
F
F
F
F
F
F
F
F
F
F
F
                                                                                                                                               [  1%]


tests\test_animation.py 
.
.
.
.
.
.
.
.
.
.
.
.
                                                                                                                                                                 [  2%]


tests\test_block_puzzle_flip.py 
.
.
.
.
.
.
.
                                                                                                                                                              [  3%]


tests\test_clock_widget.py 
.
.
.
.
.
.
.
.
.
.
.
.
.
.
.
.
.
.
.
.
.
.
.
.
.
.
                                                                                                                                                [  6%]


tests\test_ctrl_interaction_mode.py 
.
.
.
.
.
.
.
.
.
.
.
.
.
.
.
.
.
.
.
.
.
.
.
.
                                                                                                                                         [  8%]


tests\test_diffuse_transition.py 
.
.
.
.
.
.
.
.
.
.
.
.
.
                                                                                                                                                       [ 10%]


tests\test_dimming_and_interaction_fixes.py 
.
.
.
.
.
.
.
.
.
.
.
.
.
                                                                                                                                            [ 11%]


tests\test_display_integration.py 
F
F
F
F
F
.
F
.
.
F
F
.
s
.
.
.
.
.
.
.
.
.
.
.
.
.
.
.
.
.
.
.
.
.
.
.
.
.
.
.
.
.
.
.
.
.
.
.
.
.
.
.
F
.
.
.
                                                                                                           [ 17%]


tests\test_display_tab.py 
.
.
.
.
.
.
.
.
.
.
.
.
.
.
                                                                                                                                                             [ 19%]


tests\test_engine_lifecycle.py 
.
.
.
.
.
.
.
.
.
.
.
.
.
.
.
.
.
.
.
.
                                                                                                                                                  [ 21%]


tests\test_events.py 
.
.
.
.
.
.
                                                                                                                                                                          [ 22%]


tests\test_flicker_fix_integration.py 
.
.
s
.
.
.
.
                                                                                                                                                        [ 23%]


tests\test_frame_timing_workload.py 
.
.
                                                                                                                                                               [ 23%]


tests\test_gl_compositor_cleanup.py 
.
.
                                                                                                                                                               [ 23%]


tests\test_gl_compositor_transition_lifecycle.py 
.
.
.
                                                                                                                                                 [ 23%]


tests\test_gl_compositor_transitions.py 
.
.
.
.
.
.
.
.
.
.
.
.
.
.
                                                                                                                                               [ 25%]


tests\test_gl_overlay_no_black_frames.py 
F
F
F
F
F
                                                                                                                                                       [ 25%]


tests\test_gl_state_manager.py 
.
.
.
.
.
.
.
.
.
.
.
.
.
.
.
.
.
.
.
.
.
.
.
.
.
.
.
.
.
.
.
.
.
.
                                                                                                                                    [ 29%]


tests\test_image_processor.py 
.
.
.
.
.
.
.
.
.
.
.
.
.
.
.
.
.
.
.
.
.
.
.
.
                                                                                                                                               [ 32%]


tests\test_image_queue.py 
.
.
.
.
.
.
.
.
.
.
.
.
.
.
.
.
.
.
.
.
.
.
.
.
                                                                                                                                                   [ 34%]


tests\test_lanczos_scaling.py 
.
.
.
.
.
s
.
.
.
.
.
.
.
                                                                                                                                                          [ 36%]


tests\test_log_throttling.py 
.
.
.
.
.
.
.
.
.
.
.
.
.
.
.
.
.
.
                                                                                                                                                      [ 38%]


tests\test_logging_console_encoding.py 
.
.
.
                                                                                                                                                           [ 38%]


tests\test_mc_keyboard_input.py 
F
                                                                                                                                                                    [ 38%]


tests\test_mc_window_flags.py 
.
.
                                                                                                                                                                     [ 39%]


tests\test_media_widget.py 
.
.
.
.
.
.
.
.
.
.
.
.
F
F
                                                                                                                                                            [ 40%]


tests\test_multi_monitor_focus.py 
.
.
.
.
.
.
.
.
.
                                                                                                                                                          [ 41%]


tests\test_multidisplay_sync.py 
.
.
.
.
.
.
.
.
.
.
.
.
.
.
.
                                                                                                                                                      [ 43%]


tests\test_overlay_ready_state.py 
.
.
.
.
.
.
                                                                                                                                                             [ 43%]


tests\test_painter_shadow.py 
.
.
.
.
.
.
.
.
.
.
.
.
.
.
.
.
.
.
.
.
.
.
.
.
.
.
                                                                                                                                              [ 46%]


tests\test_pan_scan_integration.py 
s
s
s
s
s
.
s
s
                                                                                                                                                          [ 47%]


tests\test_particle_transition.py 
.
.
.
.
.
.
.
.
.
F
F
F
F
.
F
.
                                                                                                                                                   [ 49%]


tests\test_perf_dt_max.py 
F
.
                                                                                                                                                                         [ 49%]


tests\test_phase_e_effect_corruption.py 
.
.
.
.
.
.
.
.
.
.
.
.
.
.
.
.
.
.
.
                                                                                                                                          [ 51%]


tests\test_pixel_shift.py 
.
.
.
.
.
.
.
.
.
                                                                                                                                                                  [ 52%]


tests\test_qt_timer_threading.py 
F
                                                                                                                                                                   [ 52%]


tests\test_reddit_exit_logic.py 
.
.
.
.
.
.
.
.
.
.
.
.
.
s
s
s
                                                                                                                                                     [ 54%]


tests\test_reddit_helper_installer.py 
.
                                                                                                                                                              [ 54%]


tests\test_reddit_widget.py 
.
.
.
.
.
                                                                                                                                                                    [ 55%]


tests\test_rendering_backends.py 
.
.
.
.
                                                                                                                                                                [ 55%]


tests\test_resource_manager.py 
.
.
.
.
.
.
.
.
.
.
.
.
.
.
.
.
.
.
.
.
.
.
.
.
.
.
.
.
.
.
.
.
.
.
.
.
.
.
.
.
.
.
.
.
.
.
.
                                                                                                                       [ 60%]


tests\test_rss_behavior.py 
.
.
.
.
.
s
s
                                                                                                                                                                   [ 61%]


tests\test_s_hotkey_workflow.py 
.
.
.
.
.
                                                                                                                                                                [ 62%]


tests\test_settings.py 
.
.
.
.
.
.
.
.
.
                                                                                                                                                                     [ 63%]


tests\test_settings_dialog.py 
.
.
.
.
.
F
F
F
F
.
.
.
.
.
                                                                                                                                                         [ 64%]


tests\test_settings_manager.py 
.
.
.
.
.
.
.
.
.
.
.
.
.
.
.
.
.
.
.
.
.
.
.
                                                                                                                                               [ 67%]


tests\test_settings_models.py 
.
.
.
.
.
.
.
.
.
.
.
.
.
.
.
.
.
.
.
.
.
.
.
.
.
.
.
.
                                                                                                                                           [ 70%]


tests\test_settings_sync.py 
.
.
.
.
.
.
.
                                                                                                                                                                  [ 71%]


tests\test_slide_jitter.py 
.
.
                                                                                                                                                                        [ 71%]


tests\test_slide_transition.py 
.
.
.
.
.
.
.
.
.
.
.
.
.
                                                                                                                                                         [ 72%]


tests\test_spotify_visualizer_widget.py 
.
.
.
F
F
.
.
.
F
F
.
.
F
                                                                                                                                                [ 74%]


tests\test_startup_black_flash.py 
.
.
                                                                                                                                                                 [ 74%]


tests\test_thread_manager.py 
.
.
.
.
.
.
.
.
.
.
.
.
.
.
.
.
.
.
.
.
.
.
.
.
.
.
.
.
.
.
.
.
.
.
.
F
.
