
===== pytest run 2026-01-02 20:16:29 args=['tests/test_display_integration.py', '-vv', '--tb=short'] =====

=========================================================================================== test session starts ===========================================================================================

platform win32 -- Python 3.11.9, pytest-8.4.1, pluggy-1.6.0 -- C:\Python311\python.exe

cachedir: .pytest_cache

PySide6 6.9.1 -- Qt runtime 6.9.1 -- Qt compiled 6.9.1

rootdir: F:\Programming\Apps\ShittyRandomPhotoScreenSaver

configfile: pytest.ini

plugins: cov-7.0.0, qt-4.5.0

collecting ... 
collected 56 items



tests/test_display_integration.py::TestDisplayTransitions::test_transition_runs_and_completes[crossfade] 
FAILED                                                                                      [  1%]


tests/test_display_integration.py::TestDisplayTransitions::test_transition_runs_and_completes[slide] 
FAILED                                                                                          [  3%]


tests/test_display_integration.py::TestDisplayTransitions::test_transition_runs_and_completes[diffuse] 
FAILED                                                                                        [  5%]


tests/test_display_integration.py::TestDisplayTransitions::test_transition_runs_and_completes[block_flip] 
FAILED                                                                                     [  7%]


tests/test_display_integration.py::TestDisplayTransitions::test_transition_runs_and_completes[wipe] 
FAILED                                                                                           [  8%]


tests/test_display_integration.py::TestDisplayTransitions::test_transition_cleanup_on_clear 
PASSED                                                                                                   [ 10%]


tests/test_display_integration.py::TestDisplayTransitions::test_transition_settings_respected 
FAILED                                                                                                 [ 12%]


tests/test_display_integration.py::TestDisplayTransitions::test_transition_fallback_on_invalid_type 
PASSED                                                                                           [ 14%]


tests/test_display_integration.py::TestDisplayTransitions::test_random_slide_direction_selection 
PASSED                                                                                              [ 16%]


tests/test_display_integration.py::TestSoftwareBackendWatchdog::test_diffuse_no_watchdog 
FAILED                                                                                                      [ 17%]


tests/test_display_integration.py::TestSoftwareBackendWatchdog::test_block_flip_no_watchdog 
FAILED                                                                                                   [ 19%]


tests/test_display_integration.py::TestFlickerAndTelemetry::test_qimage_allocation_limit_can_be_increased 
PASSED                                                                                     [ 21%]


tests/test_display_integration.py::TestFlickerAndTelemetry::test_gl_transition_reports_elapsed_time 
SKIPPED (GL compositor crossfade unavailable in this environment)                                [ 23%]


tests/test_display_integration.py::TestDisplayManagerSync::test_sync_disabled_by_default 
PASSED                                                                                                      [ 25%]


tests/test_display_integration.py::TestDisplayManagerSync::test_enable_and_disable_sync 
PASSED                                                                                                       [ 26%]


tests/test_display_integration.py::TestDisplayManagerSync::test_sync_not_enabled_for_single_display 
PASSED                                                                                           [ 28%]


tests/test_display_integration.py::TestDisplayManagerSync::test_wait_for_all_ready_success 
PASSED                                                                                                    [ 30%]


tests/test_display_integration.py::TestDisplayManagerSync::test_wait_for_all_ready_timeout 
PASSED                                                                                                    [ 32%]


tests/test_display_integration.py::TestDisplayManagerSync::test_wait_returns_true_when_sync_disabled 
PASSED                                                                                          [ 33%]


tests/test_display_integration.py::TestDisplayManagerSync::test_wait_returns_true_for_single_display 
PASSED                                                                                          [ 35%]


tests/test_display_integration.py::TestDisplayManagerSync::test_queue_rejects_when_full 
PASSED                                                                                                       [ 37%]


tests/test_display_integration.py::TestDisplayManagerSync::test_concurrent_ready_signals 
PASSED                                                                                                      [ 39%]


tests/test_display_integration.py::TestScreensaverEngineIntegration::test_engine_creation 
PASSED                                                                                                     [ 41%]


tests/test_display_integration.py::TestScreensaverEngineIntegration::test_engine_initialization 
PASSED                                                                                               [ 42%]


tests/test_display_integration.py::TestScreensaverEngineIntegration::test_engine_core_systems 
PASSED                                                                                                 [ 44%]


tests/test_display_integration.py::TestScreensaverEngineIntegration::test_engine_image_queue_initialization 
PASSED                                                                                   [ 46%]


tests/test_display_integration.py::TestScreensaverEngineIntegration::test_engine_display_initialization 
PASSED                                                                                       [ 48%]


tests/test_display_integration.py::TestScreensaverEngineIntegration::test_engine_start_stop_signals 
PASSED                                                                                           [ 50%]


tests/test_display_integration.py::TestScreensaverEngineIntegration::test_engine_rotation_timer 
PASSED                                                                                               [ 51%]


tests/test_display_integration.py::TestScreensaverEngineIntegration::test_engine_get_stats 
PASSED                                                                                                    [ 53%]


tests/test_display_integration.py::TestScreensaverEngineIntegration::test_engine_cleanup 
PASSED                                                                                                      [ 55%]


tests/test_display_integration.py::TestScreensaverEngineIntegration::test_engine_without_initialization 
PASSED                                                                                       [ 57%]


tests/test_display_integration.py::TestScreensaverEngineIntegration::test_engine_settings_integration 
PASSED                                                                                         [ 58%]


tests/test_display_integration.py::TestScreensaverEngineIntegration::test_engine_multiple_start_calls 
PASSED                                                                                         [ 60%]


tests/test_display_integration.py::TestScreensaverEngineIntegration::test_engine_stop_without_start 
PASSED                                                                                           [ 62%]


tests/test_display_integration.py::TestScreensaverEngineIntegration::test_sources_changed_triggers_state_transition 
PASSED                                                                           [ 64%]


tests/test_display_integration.py::TestSettingsIntegration::test_sources_tab_folder_persistence 
PASSED                                                                                               [ 66%]


tests/test_display_integration.py::TestSettingsIntegration::test_settings_dialog_full_workflow 
PASSED                                                                                                [ 67%]


tests/test_display_integration.py::TestSettingsIntegration::test_settings_nested_dict_warning 
PASSED                                                                                                 [ 69%]


tests/test_display_integration.py::TestSettingsIntegration::test_sources_tab_rss_persistence 
PASSED                                                                                                  [ 71%]


tests/test_display_integration.py::TestSettingsIntegration::test_settings_load_on_startup 
PASSED                                                                                                     [ 73%]


tests/test_display_integration.py::TestSettingsIntegration::test_widgets_tab_media_roundtrip 
PASSED                                                                                                  [ 75%]


tests/test_display_integration.py::TestSettingsIntegration::test_media_widget_created_after_config_roundtrip 
PASSED                                                                                  [ 76%]


tests/test_display_integration.py::TestSettingsSignals::test_add_rss_feed_triggers_signal 
PASSED                                                                                                     [ 78%]


tests/test_display_integration.py::TestSettingsSignals::test_remove_folder_triggers_signal 
PASSED                                                                                                    [ 80%]


tests/test_display_integration.py::TestClockWidgetIntegration::test_clock_widget_created 
PASSED                                                                                                      [ 82%]


tests/test_display_integration.py::TestClockWidgetIntegration::test_clock_color_array_conversion 
PASSED                                                                                              [ 83%]


tests/test_display_integration.py::TestClockWidgetIntegration::test_clock_z_order_raise 
PASSED                                                                                                       [ 85%]


tests/test_display_integration.py::TestClockWidgetIntegration::test_clock_boolean_conversion 
PASSED                                                                                                  [ 87%]


tests/test_display_integration.py::TestClockWidgetIntegration::test_clock_position_and_format_strings 
PASSED                                                                                         [ 89%]


tests/test_display_integration.py::TestClockWidgetIntegration::test_clock_widget_size_and_position 
PASSED                                                                                            [ 91%]


tests/test_display_integration.py::TestClockWidgetIntegration::test_clock_complete_integration 
PASSED                                                                                                [ 92%]


tests/test_display_integration.py::TestWidgetRouting::test_widgets_tab_changes_reflected_in_display_widget 
FAILED                                                                                    [ 94%]


tests/test_display_integration.py::TestWidgetRouting::test_display_widget_respects_widget_monitor_selection 
PASSED                                                                                   [ 96%]


tests/test_display_integration.py::TestRegressionGuards::test_transitions_do_not_call_process_events 
PASSED                                                                                          [ 98%]


tests/test_display_integration.py::TestRegressionGuards::test_showfullscreen_not_deferred 
PASSED                                                                                                     [100%]




================================================================================================ FAILURES =================================================================================================

__________________________________________________________________ TestDisplayTransitions.test_transition_runs_and_completes[crossfade] ___________________________________________________________________

tests\test_display_integration.py:147: in test_transition_runs_and_completes

    assert transition_finished["value"], f"{transition_type} should finish"

E   AssertionError: Crossfade should finish

E   assert False

-------------------------------------------------------------------------------------------- Captured log call --------------------------------------------------------------------------------------------

ERROR    rendering.image_presenter:image_presenter.py:194 [IMAGE_PRESENTER] Processing failed: 'ImageProcessor' object has no attribute 'process'
Traceback (most recent call last):
  File "F:\Programming\Apps\ShittyRandomPhotoScreenSaver\rendering\image_presenter.py", line 169, in process_image
    processed = self._processor.process(
                ^^^^^^^^^^^^^^^^^^^^^^^
AttributeError: 'ImageProcessor' object has no attribute 'process'
ERROR    rendering.image_presenter:image_presenter.py:194 [IMAGE_PRESENTER] Processing failed: 'ImageProcessor' object has no attribute 'process'
Traceback (most recent call last):
  File "F:\Programming\Apps\ShittyRandomPhotoScreenSaver\rendering\image_presenter.py", line 169, in process_image
    processed = self._processor.process(
                ^^^^^^^^^^^^^^^^^^^^^^^
AttributeError: 'ImageProcessor' object has no attribute 'process'


____________________________________________________________________ TestDisplayTransitions.test_transition_runs_and_completes[slide] _____________________________________________________________________

tests\test_display_integration.py:147: in test_transition_runs_and_completes

    assert transition_finished["value"], f"{transition_type} should finish"

E   AssertionError: Slide should finish

E   assert False

-------------------------------------------------------------------------------------------- Captured log call --------------------------------------------------------------------------------------------

ERROR    rendering.image_presenter:image_presenter.py:194 [IMAGE_PRESENTER] Processing failed: 'ImageProcessor' object has no attribute 'process'
Traceback (most recent call last):
  File "F:\Programming\Apps\ShittyRandomPhotoScreenSaver\rendering\image_presenter.py", line 169, in process_image
    processed = self._processor.process(
                ^^^^^^^^^^^^^^^^^^^^^^^
AttributeError: 'ImageProcessor' object has no attribute 'process'
ERROR    rendering.image_presenter:image_presenter.py:194 [IMAGE_PRESENTER] Processing failed: 'ImageProcessor' object has no attribute 'process'
Traceback (most recent call last):
  File "F:\Programming\Apps\ShittyRandomPhotoScreenSaver\rendering\image_presenter.py", line 169, in process_image
    processed = self._processor.process(
                ^^^^^^^^^^^^^^^^^^^^^^^
AttributeError: 'ImageProcessor' object has no attribute 'process'


___________________________________________________________________ TestDisplayTransitions.test_transition_runs_and_completes[diffuse] ____________________________________________________________________

tests\test_display_integration.py:147: in test_transition_runs_and_completes

    assert transition_finished["value"], f"{transition_type} should finish"

E   AssertionError: Diffuse should finish

E   assert False

-------------------------------------------------------------------------------------------- Captured log call --------------------------------------------------------------------------------------------

ERROR    rendering.image_presenter:image_presenter.py:194 [IMAGE_PRESENTER] Processing failed: 'ImageProcessor' object has no attribute 'process'
Traceback (most recent call last):
  File "F:\Programming\Apps\ShittyRandomPhotoScreenSaver\rendering\image_presenter.py", line 169, in process_image
    processed = self._processor.process(
                ^^^^^^^^^^^^^^^^^^^^^^^
AttributeError: 'ImageProcessor' object has no attribute 'process'
ERROR    rendering.image_presenter:image_presenter.py:194 [IMAGE_PRESENTER] Processing failed: 'ImageProcessor' object has no attribute 'process'
Traceback (most recent call last):
  File "F:\Programming\Apps\ShittyRandomPhotoScreenSaver\rendering\image_presenter.py", line 169, in process_image
    processed = self._processor.process(
                ^^^^^^^^^^^^^^^^^^^^^^^
AttributeError: 'ImageProcessor' object has no attribute 'process'


__________________________________________________________________ TestDisplayTransitions.test_transition_runs_and_completes[block_flip] __________________________________________________________________

tests\test_display_integration.py:147: in test_transition_runs_and_completes

    assert transition_finished["value"], f"{transition_type} should finish"

E   AssertionError: Block Puzzle Flip should finish

E   assert False

-------------------------------------------------------------------------------------------- Captured log call --------------------------------------------------------------------------------------------

ERROR    rendering.image_presenter:image_presenter.py:194 [IMAGE_PRESENTER] Processing failed: 'ImageProcessor' object has no attribute 'process'
Traceback (most recent call last):
  File "F:\Programming\Apps\ShittyRandomPhotoScreenSaver\rendering\image_presenter.py", line 169, in process_image
    processed = self._processor.process(
                ^^^^^^^^^^^^^^^^^^^^^^^
AttributeError: 'ImageProcessor' object has no attribute 'process'
ERROR    rendering.image_presenter:image_presenter.py:194 [IMAGE_PRESENTER] Processing failed: 'ImageProcessor' object has no attribute 'process'
Traceback (most recent call last):
  File "F:\Programming\Apps\ShittyRandomPhotoScreenSaver\rendering\image_presenter.py", line 169, in process_image
    processed = self._processor.process(
                ^^^^^^^^^^^^^^^^^^^^^^^
AttributeError: 'ImageProcessor' object has no attribute 'process'


_____________________________________________________________________ TestDisplayTransitions.test_transition_runs_and_completes[wipe] _____________________________________________________________________

tests\test_display_integration.py:147: in test_transition_runs_and_completes

    assert transition_finished["value"], f"{transition_type} should finish"

E   AssertionError: Wipe should finish

E   assert False

-------------------------------------------------------------------------------------------- Captured log call --------------------------------------------------------------------------------------------

ERROR    rendering.image_presenter:image_presenter.py:194 [IMAGE_PRESENTER] Processing failed: 'ImageProcessor' object has no attribute 'process'
Traceback (most recent call last):
  File "F:\Programming\Apps\ShittyRandomPhotoScreenSaver\rendering\image_presenter.py", line 169, in process_image
    processed = self._processor.process(
                ^^^^^^^^^^^^^^^^^^^^^^^
AttributeError: 'ImageProcessor' object has no attribute 'process'
ERROR    rendering.image_presenter:image_presenter.py:194 [IMAGE_PRESENTER] Processing failed: 'ImageProcessor' object has no attribute 'process'
Traceback (most recent call last):
  File "F:\Programming\Apps\ShittyRandomPhotoScreenSaver\rendering\image_presenter.py", line 169, in process_image
    processed = self._processor.process(
                ^^^^^^^^^^^^^^^^^^^^^^^
AttributeError: 'ImageProcessor' object has no attribute 'process'


________________________________________________________________________ TestDisplayTransitions.test_transition_settings_respected ________________________________________________________________________

tests\test_display_integration.py:173: in test_transition_settings_respected

    assert current.duration_ms == 750

E   assert 5032 == 750

E    +  where 5032 = GLCompositorSlideTransition(duration=5032ms, state=running).duration_ms

-------------------------------------------------------------------------------------------- Captured log call --------------------------------------------------------------------------------------------

ERROR    rendering.image_presenter:image_presenter.py:194 [IMAGE_PRESENTER] Processing failed: 'ImageProcessor' object has no attribute 'process'
Traceback (most recent call last):
  File "F:\Programming\Apps\ShittyRandomPhotoScreenSaver\rendering\image_presenter.py", line 169, in process_image
    processed = self._processor.process(
                ^^^^^^^^^^^^^^^^^^^^^^^
AttributeError: 'ImageProcessor' object has no attribute 'process'
ERROR    rendering.image_presenter:image_presenter.py:194 [IMAGE_PRESENTER] Processing failed: 'ImageProcessor' object has no attribute 'process'
Traceback (most recent call last):
  File "F:\Programming\Apps\ShittyRandomPhotoScreenSaver\rendering\image_presenter.py", line 169, in process_image
    processed = self._processor.process(
                ^^^^^^^^^^^^^^^^^^^^^^^
AttributeError: 'ImageProcessor' object has no attribute 'process'


__________________________________________________________________________ TestSoftwareBackendWatchdog.test_diffuse_no_watchdog ___________________________________________________________________________

tests\test_display_integration.py:255: in test_diffuse_no_watchdog

    self._run_watchdog_scenario(qt_app, settings_manager, configure, test_pixmap, test_pixmap2)

tests\test_display_integration.py:223: in _run_watchdog_scenario

    original_timeout = widget._on_transition_watchdog_timeout

                       ^^^^^^^^^^^^^^^^^^^^^^^^^^^^^^^^^^^^^^

E   AttributeError: 'DisplayWidget' object has no attribute '_on_transition_watchdog_timeout'

_________________________________________________________________________ TestSoftwareBackendWatchdog.test_block_flip_no_watchdog _________________________________________________________________________

tests\test_display_integration.py:267: in test_block_flip_no_watchdog

    self._run_watchdog_scenario(qt_app, settings_manager, configure, test_pixmap, test_pixmap2)

tests\test_display_integration.py:223: in _run_watchdog_scenario

    original_timeout = widget._on_transition_watchdog_timeout

                       ^^^^^^^^^^^^^^^^^^^^^^^^^^^^^^^^^^^^^^

E   AttributeError: 'DisplayWidget' object has no attribute '_on_transition_watchdog_timeout'

_________________________________________________________________ TestWidgetRouting.test_widgets_tab_changes_reflected_in_display_widget __________________________________________________________________

tests\test_display_integration.py:755: in test_widgets_tab_changes_reflected_in_display_widget

    assert widget.clock_widget._enabled is True

E   assert False is True

E    +  where False = <widgets.clock_widget.ClockWidget(0x16ded9b1250, name="clock_main") at 0x0000016DE8EDD440>._enabled

E    +    where <widgets.clock_widget.ClockWidget(0x16ded9b1250, name="clock_main") at 0x0000016DE8EDD440> = <rendering.display_widget.DisplayWidget(0x16ded9aed90) at 0x0000016D58D49340>.clock_widget

-------------------------------------------------------------------------------------------- Captured log call --------------------------------------------------------------------------------------------

ERROR    widgets.base_overlay_widget:base_overlay_widget.py:450 [THREAD_MANAGER] Missing ThreadManager for clock during ClockWidget.start; timer-driven features disabled.
ERROR    widgets.base_overlay_widget:base_overlay_widget.py:450 [THREAD_MANAGER] Missing ThreadManager for media during MediaWidget.start; timer-driven features disabled.
ERROR    widgets.base_overlay_widget:base_overlay_widget.py:450 [THREAD_MANAGER] Missing ThreadManager for reddit during RedditWidget.start; timer-driven features disabled.


------------------------------------------------------------------------------------------ Captured log teardown ------------------------------------------------------------------------------------------

WARNING  engine.screensaver:screensaver_engine.py:1851 [ASYNC] Failed to submit task, falling back to sync: Thread manager is shut down

============================================================================================ warnings summary =============================================================================================

tests/test_display_integration.py::TestScreensaverEngineIntegration::test_engine_initialization
tests/test_display_integration.py::TestScreensaverEngineIntegration::test_engine_core_systems
tests/test_display_integration.py::TestScreensaverEngineIntegration::test_engine_image_queue_initialization


  F:\Programming\Apps\ShittyRandomPhotoScreenSaver\rendering\display_widget.py:2625: DeprecationWarning: Function: 'QMouseEvent.pos() const' is marked as deprecated, please check the documentation for more information.
    self._initial_mouse_pos = event.pos()




tests/test_display_integration.py: 13 warnings

  F:\Programming\Apps\ShittyRandomPhotoScreenSaver\rendering\display_widget.py:2630: DeprecationWarning: Function: 'QMouseEvent.pos() const' is marked as deprecated, please check the documentation for more information.
    dx = event.pos().x() - self._initial_mouse_pos.x()




tests/test_display_integration.py: 13 warnings

  F:\Programming\Apps\ShittyRandomPhotoScreenSaver\rendering\display_widget.py:2631: DeprecationWarning: Function: 'QMouseEvent.pos() const' is marked as deprecated, please check the documentation for more information.
    dy = event.pos().y() - self._initial_mouse_pos.y()




-- Docs: https://docs.pytest.org/en/stable/how-to/capture-warnings.html

========================================================================================= short test summary info =========================================================================================

FAILED tests/test_display_integration.py::TestDisplayTransitions::test_transition_runs_and_completes[crossfade] - AssertionError: Crossfade should finish
assert False


FAILED tests/test_display_integration.py::TestDisplayTransitions::test_transition_runs_and_completes[slide] - AssertionError: Slide should finish
assert False


FAILED tests/test_display_integration.py::TestDisplayTransitions::test_transition_runs_and_completes[diffuse] - AssertionError: Diffuse should finish
assert False


FAILED tests/test_display_integration.py::TestDisplayTransitions::test_transition_runs_and_completes[block_flip] - AssertionError: Block Puzzle Flip should finish
assert False


FAILED tests/test_display_integration.py::TestDisplayTransitions::test_transition_runs_and_completes[wipe] - AssertionError: Wipe should finish
assert False


FAILED tests/test_display_integration.py::TestDisplayTransitions::test_transition_settings_respected - assert 5032 == 750
 +  where 5032 = GLCompositorSlideTransition(duration=5032ms, state=running).duration_ms


FAILED tests/test_display_integration.py::TestSoftwareBackendWatchdog::test_diffuse_no_watchdog - AttributeError: 'DisplayWidget' object has no attribute '_on_transition_watchdog_timeout'

FAILED tests/test_display_integration.py::TestSoftwareBackendWatchdog::test_block_flip_no_watchdog - AttributeError: 'DisplayWidget' object has no attribute '_on_transition_watchdog_timeout'

FAILED tests/test_display_integration.py::TestWidgetRouting::test_widgets_tab_changes_reflected_in_display_widget - assert False is True
 +  where False = <widgets.clock_widget.ClockWidget(0x16ded9b1250, name="clock_main") at 0x0000016DE8EDD440>._enabled
 +    where <widgets.clock_widget.ClockWidget(0x16ded9b1250, name="clock_main") at 0x0000016DE8EDD440> = <rendering.display_widget.DisplayWidget(0x16ded9aed90) at 0x0000016D58D49340>.clock_widget


==================================================================== 9 failed, 46 passed, 1 skipped, 29 warnings in 237.10s (0:03:57) =====================================================================


===== pytest run 2026-01-02 20:25:12 args=['tests/test_display_integration.py', '-vv', '--tb=short'] =====

=========================================================================================== test session starts ===========================================================================================

platform win32 -- Python 3.11.9, pytest-8.4.1, pluggy-1.6.0 -- C:\Python311\python.exe

cachedir: .pytest_cache

PySide6 6.9.1 -- Qt runtime 6.9.1 -- Qt compiled 6.9.1

rootdir: F:\Programming\Apps\ShittyRandomPhotoScreenSaver

configfile: pytest.ini

plugins: cov-7.0.0, qt-4.5.0

collecting ... 
collected 56 items



tests/test_display_integration.py::TestDisplayTransitions::test_transition_runs_and_completes[crossfade] 
FAILED                                                                                      [  1%]


tests/test_display_integration.py::TestDisplayTransitions::test_transition_runs_and_completes[slide] 
FAILED                                                                                          [  3%]


tests/test_display_integration.py::TestDisplayTransitions::test_transition_runs_and_completes[diffuse] 
FAILED                                                                                        [  5%]


tests/test_display_integration.py::TestDisplayTransitions::test_transition_runs_and_completes[block_flip] 
FAILED                                                                                     [  7%]


tests/test_display_integration.py::TestDisplayTransitions::test_transition_runs_and_completes[wipe] 
FAILED                                                                                           [  8%]


tests/test_display_integration.py::TestDisplayTransitions::test_transition_cleanup_on_clear 
PASSED                                                                                                   [ 10%]


tests/test_display_integration.py::TestDisplayTransitions::test_transition_settings_respected 
FAILED                                                                                                 [ 12%]


tests/test_display_integration.py::TestDisplayTransitions::test_transition_fallback_on_invalid_type 
PASSED                                                                                           [ 14%]


tests/test_display_integration.py::TestDisplayTransitions::test_random_slide_direction_selection 
PASSED                                                                                              [ 16%]


tests/test_display_integration.py::TestSoftwareBackendWatchdog::test_diffuse_no_watchdog 
FAILED                                                                                                      [ 17%]


tests/test_display_integration.py::TestSoftwareBackendWatchdog::test_block_flip_no_watchdog 
FAILED                                                                                                   [ 19%]


tests/test_display_integration.py::TestFlickerAndTelemetry::test_qimage_allocation_limit_can_be_increased 
PASSED                                                                                     [ 21%]


tests/test_display_integration.py::TestFlickerAndTelemetry::test_gl_transition_reports_elapsed_time 
SKIPPED (GL compositor crossfade unavailable in this environment)                                [ 23%]


tests/test_display_integration.py::TestDisplayManagerSync::test_sync_disabled_by_default 
PASSED                                                                                                      [ 25%]


tests/test_display_integration.py::TestDisplayManagerSync::test_enable_and_disable_sync 
PASSED                                                                                                       [ 26%]


tests/test_display_integration.py::TestDisplayManagerSync::test_sync_not_enabled_for_single_display 
PASSED                                                                                           [ 28%]


tests/test_display_integration.py::TestDisplayManagerSync::test_wait_for_all_ready_success 
PASSED                                                                                                    [ 30%]


tests/test_display_integration.py::TestDisplayManagerSync::test_wait_for_all_ready_timeout 
PASSED                                                                                                    [ 32%]


tests/test_display_integration.py::TestDisplayManagerSync::test_wait_returns_true_when_sync_disabled 
PASSED                                                                                          [ 33%]


tests/test_display_integration.py::TestDisplayManagerSync::test_wait_returns_true_for_single_display 
PASSED                                                                                          [ 35%]


tests/test_display_integration.py::TestDisplayManagerSync::test_queue_rejects_when_full 
PASSED                                                                                                       [ 37%]


tests/test_display_integration.py::TestDisplayManagerSync::test_concurrent_ready_signals 
PASSED                                                                                                      [ 39%]


tests/test_display_integration.py::TestScreensaverEngineIntegration::test_engine_creation 
PASSED                                                                                                     [ 41%]


tests/test_display_integration.py::TestScreensaverEngineIntegration::test_engine_initialization 
PASSED                                                                                               [ 42%]


tests/test_display_integration.py::TestScreensaverEngineIntegration::test_engine_core_systems 
PASSED                                                                                                 [ 44%]


tests/test_display_integration.py::TestScreensaverEngineIntegration::test_engine_image_queue_initialization 
PASSED                                                                                   [ 46%]


tests/test_display_integration.py::TestScreensaverEngineIntegration::test_engine_display_initialization 
PASSED                                                                                       [ 48%]


tests/test_display_integration.py::TestScreensaverEngineIntegration::test_engine_start_stop_signals 
PASSED                                                                                           [ 50%]


tests/test_display_integration.py::TestScreensaverEngineIntegration::test_engine_rotation_timer 
PASSED                                                                                               [ 51%]


tests/test_display_integration.py::TestScreensaverEngineIntegration::test_engine_get_stats 
PASSED                                                                                                    [ 53%]


tests/test_display_integration.py::TestScreensaverEngineIntegration::test_engine_cleanup 
PASSED                                                                                                      [ 55%]


tests/test_display_integration.py::TestScreensaverEngineIntegration::test_engine_without_initialization 
PASSED                                                                                       [ 57%]


tests/test_display_integration.py::TestScreensaverEngineIntegration::test_engine_settings_integration 
PASSED                                                                                         [ 58%]


tests/test_display_integration.py::TestScreensaverEngineIntegration::test_engine_multiple_start_calls 
PASSED                                                                                         [ 60%]


tests/test_display_integration.py::TestScreensaverEngineIntegration::test_engine_stop_without_start 
PASSED                                                                                           [ 62%]


tests/test_display_integration.py::TestScreensaverEngineIntegration::test_sources_changed_triggers_state_transition 
PASSED                                                                           [ 64%]


tests/test_display_integration.py::TestSettingsIntegration::test_sources_tab_folder_persistence 
PASSED                                                                                               [ 66%]


tests/test_display_integration.py::TestSettingsIntegration::test_settings_dialog_full_workflow 
PASSED                                                                                                [ 67%]


tests/test_display_integration.py::TestSettingsIntegration::test_settings_nested_dict_warning 
PASSED                                                                                                 [ 69%]


tests/test_display_integration.py::TestSettingsIntegration::test_sources_tab_rss_persistence 
PASSED                                                                                                  [ 71%]


tests/test_display_integration.py::TestSettingsIntegration::test_settings_load_on_startup 
PASSED                                                                                                     [ 73%]


tests/test_display_integration.py::TestSettingsIntegration::test_widgets_tab_media_roundtrip 
PASSED                                                                                                  [ 75%]


tests/test_display_integration.py::TestSettingsIntegration::test_media_widget_created_after_config_roundtrip 
PASSED                                                                                  [ 76%]


tests/test_display_integration.py::TestSettingsSignals::test_add_rss_feed_triggers_signal 
PASSED                                                                                                     [ 78%]


tests/test_display_integration.py::TestSettingsSignals::test_remove_folder_triggers_signal 
PASSED                                                                                                    [ 80%]


tests/test_display_integration.py::TestClockWidgetIntegration::test_clock_widget_created 
PASSED                                                                                                      [ 82%]


tests/test_display_integration.py::TestClockWidgetIntegration::test_clock_color_array_conversion 
PASSED                                                                                              [ 83%]


tests/test_display_integration.py::TestClockWidgetIntegration::test_clock_z_order_raise 
PASSED                                                                                                       [ 85%]


tests/test_display_integration.py::TestClockWidgetIntegration::test_clock_boolean_conversion 
PASSED                                                                                                  [ 87%]


tests/test_display_integration.py::TestClockWidgetIntegration::test_clock_position_and_format_strings 
PASSED                                                                                         [ 89%]


tests/test_display_integration.py::TestClockWidgetIntegration::test_clock_widget_size_and_position 
PASSED                                                                                            [ 91%]


tests/test_display_integration.py::TestClockWidgetIntegration::test_clock_complete_integration 
PASSED                                                                                                [ 92%]


tests/test_display_integration.py::TestWidgetRouting::test_widgets_tab_changes_reflected_in_display_widget 
FAILED                                                                                    [ 94%]


tests/test_display_integration.py::TestWidgetRouting::test_display_widget_respects_widget_monitor_selection 
PASSED                                                                                   [ 96%]


tests/test_display_integration.py::TestRegressionGuards::test_transitions_do_not_call_process_events 
PASSED                                                                                          [ 98%]


tests/test_display_integration.py::TestRegressionGuards::test_showfullscreen_not_deferred 
PASSED                                                                                                     [100%]




================================================================================================ FAILURES =================================================================================================

__________________________________________________________________ TestDisplayTransitions.test_transition_runs_and_completes[crossfade] ___________________________________________________________________

tests\test_display_integration.py:147: in test_transition_runs_and_completes

    assert transition_finished["value"], f"{transition_type} should finish"

E   AssertionError: Crossfade should finish

E   assert False

____________________________________________________________________ TestDisplayTransitions.test_transition_runs_and_completes[slide] _____________________________________________________________________

tests\test_display_integration.py:147: in test_transition_runs_and_completes

    assert transition_finished["value"], f"{transition_type} should finish"

E   AssertionError: Slide should finish

E   assert False

___________________________________________________________________ TestDisplayTransitions.test_transition_runs_and_completes[diffuse] ____________________________________________________________________

tests\test_display_integration.py:147: in test_transition_runs_and_completes

    assert transition_finished["value"], f"{transition_type} should finish"

E   AssertionError: Diffuse should finish

E   assert False

__________________________________________________________________ TestDisplayTransitions.test_transition_runs_and_completes[block_flip] __________________________________________________________________

tests\test_display_integration.py:147: in test_transition_runs_and_completes

    assert transition_finished["value"], f"{transition_type} should finish"

E   AssertionError: Block Puzzle Flip should finish

E   assert False

_____________________________________________________________________ TestDisplayTransitions.test_transition_runs_and_completes[wipe] _____________________________________________________________________

tests\test_display_integration.py:147: in test_transition_runs_and_completes

    assert transition_finished["value"], f"{transition_type} should finish"

E   AssertionError: Wipe should finish

E   assert False

________________________________________________________________________ TestDisplayTransitions.test_transition_settings_respected ________________________________________________________________________

tests\test_display_integration.py:173: in test_transition_settings_respected

    assert current.duration_ms == 750

E   assert 5032 == 750

E    +  where 5032 = GLCompositorSlideTransition(duration=5032ms, state=running).duration_ms

__________________________________________________________________________ TestSoftwareBackendWatchdog.test_diffuse_no_watchdog ___________________________________________________________________________

tests\test_display_integration.py:255: in test_diffuse_no_watchdog

    self._run_watchdog_scenario(qt_app, settings_manager, configure, test_pixmap, test_pixmap2)

tests\test_display_integration.py:223: in _run_watchdog_scenario

    original_timeout = widget._on_transition_watchdog_timeout

                       ^^^^^^^^^^^^^^^^^^^^^^^^^^^^^^^^^^^^^^

E   AttributeError: 'DisplayWidget' object has no attribute '_on_transition_watchdog_timeout'

_________________________________________________________________________ TestSoftwareBackendWatchdog.test_block_flip_no_watchdog _________________________________________________________________________

tests\test_display_integration.py:267: in test_block_flip_no_watchdog

    self._run_watchdog_scenario(qt_app, settings_manager, configure, test_pixmap, test_pixmap2)

tests\test_display_integration.py:223: in _run_watchdog_scenario

    original_timeout = widget._on_transition_watchdog_timeout

                       ^^^^^^^^^^^^^^^^^^^^^^^^^^^^^^^^^^^^^^

E   AttributeError: 'DisplayWidget' object has no attribute '_on_transition_watchdog_timeout'

_________________________________________________________________ TestWidgetRouting.test_widgets_tab_changes_reflected_in_display_widget __________________________________________________________________

tests\test_display_integration.py:755: in test_widgets_tab_changes_reflected_in_display_widget

    assert widget.clock_widget._enabled is True

E   assert False is True

E    +  where False = <widgets.clock_widget.ClockWidget(0x247ac930e80, name="clock_main") at 0x00000247D2E36500>._enabled

E    +    where <widgets.clock_widget.ClockWidget(0x247ac930e80, name="clock_main") at 0x00000247D2E36500> = <rendering.display_widget.DisplayWidget(0x247ac930d00) at 0x000002475C1C9880>.clock_widget

-------------------------------------------------------------------------------------------- Captured log call --------------------------------------------------------------------------------------------

ERROR    widgets.base_overlay_widget:base_overlay_widget.py:450 [THREAD_MANAGER] Missing ThreadManager for clock during ClockWidget.start; timer-driven features disabled.
ERROR    widgets.base_overlay_widget:base_overlay_widget.py:450 [THREAD_MANAGER] Missing ThreadManager for media during MediaWidget.start; timer-driven features disabled.
ERROR    widgets.base_overlay_widget:base_overlay_widget.py:450 [THREAD_MANAGER] Missing ThreadManager for reddit during RedditWidget.start; timer-driven features disabled.


========================================================================================= short test summary info =========================================================================================

FAILED tests/test_display_integration.py::TestDisplayTransitions::test_transition_runs_and_completes[crossfade] - AssertionError: Crossfade should finish
assert False


FAILED tests/test_display_integration.py::TestDisplayTransitions::test_transition_runs_and_completes[slide] - AssertionError: Slide should finish
assert False


FAILED tests/test_display_integration.py::TestDisplayTransitions::test_transition_runs_and_completes[diffuse] - AssertionError: Diffuse should finish
assert False


FAILED tests/test_display_integration.py::TestDisplayTransitions::test_transition_runs_and_completes[block_flip] - AssertionError: Block Puzzle Flip should finish
assert False


FAILED tests/test_display_integration.py::TestDisplayTransitions::test_transition_runs_and_completes[wipe] - AssertionError: Wipe should finish
assert False


FAILED tests/test_display_integration.py::TestDisplayTransitions::test_transition_settings_respected - assert 5032 == 750
 +  where 5032 = GLCompositorSlideTransition(duration=5032ms, state=running).duration_ms


FAILED tests/test_display_integration.py::TestSoftwareBackendWatchdog::test_diffuse_no_watchdog - AttributeError: 'DisplayWidget' object has no attribute '_on_transition_watchdog_timeout'

FAILED tests/test_display_integration.py::TestSoftwareBackendWatchdog::test_block_flip_no_watchdog - AttributeError: 'DisplayWidget' object has no attribute '_on_transition_watchdog_timeout'

FAILED tests/test_display_integration.py::TestWidgetRouting::test_widgets_tab_changes_reflected_in_display_widget - assert False is True
 +  where False = <widgets.clock_widget.ClockWidget(0x247ac930e80, name="clock_main") at 0x00000247D2E36500>._enabled
 +    where <widgets.clock_widget.ClockWidget(0x247ac930e80, name="clock_main") at 0x00000247D2E36500> = <rendering.display_widget.DisplayWidget(0x247ac930d00) at 0x000002475C1C9880>.clock_widget


=========================================================================== 9 failed, 46 passed, 1 skipped in 216.53s (0:03:36) ===========================================================================


===== pytest run 2026-01-02 21:52:51 args=['tests/test_display_integration.py', '-vv', '--maxfail=1'] =====

=========================================================================================== test session starts ===========================================================================================

platform win32 -- Python 3.11.9, pytest-8.4.1, pluggy-1.6.0 -- C:\Python311\python.exe

cachedir: .pytest_cache

PySide6 6.9.1 -- Qt runtime 6.9.1 -- Qt compiled 6.9.1

rootdir: F:\Programming\Apps\ShittyRandomPhotoScreenSaver

configfile: pytest.ini

plugins: cov-7.0.0, qt-4.5.0

collecting ... 
collected 56 items



tests/test_display_integration.py::TestDisplayTransitions::test_transition_runs_and_completes[crossfade] 
PASSED                                                                                      [  1%]


tests/test_display_integration.py::TestDisplayTransitions::test_transition_runs_and_completes[slide] 
PASSED                                                                                          [  3%]


tests/test_display_integration.py::TestDisplayTransitions::test_transition_runs_and_completes[diffuse] 
PASSED                                                                                        [  5%]


tests/test_display_integration.py::TestDisplayTransitions::test_transition_runs_and_completes[block_flip] 
PASSED                                                                                     [  7%]


tests/test_display_integration.py::TestDisplayTransitions::test_transition_runs_and_completes[wipe] 
PASSED                                                                                           [  8%]


tests/test_display_integration.py::TestDisplayTransitions::test_transition_cleanup_on_clear 
PASSED                                                                                                   [ 10%]


tests/test_display_integration.py::TestDisplayTransitions::test_transition_settings_respected 
PASSED                                                                                                 [ 12%]


tests/test_display_integration.py::TestDisplayTransitions::test_transition_fallback_on_invalid_type 
PASSED                                                                                           [ 14%]


tests/test_display_integration.py::TestDisplayTransitions::test_random_slide_direction_selection 
PASSED                                                                                              [ 16%]


tests/test_display_integration.py::TestSoftwareBackendWatchdog::test_diffuse_no_watchdog 
FAILED                                                                                                      [ 17%]




================================================================================================ FAILURES =================================================================================================

__________________________________________________________________________ TestSoftwareBackendWatchdog.test_diffuse_no_watchdog ___________________________________________________________________________



self = <tests.test_display_integration.TestSoftwareBackendWatchdog object at 0x000001E4EE7F9D50>, qt_app = <PySide6.QtWidgets.QApplication(0x1e4be938320) at 0x000001E4EF8C3F00>

settings_manager = <core.settings.settings_manager.SettingsManager(0x1e4bec94ab0) at 0x000001E4F00F9DC0>, thread_manager = <core.threading.manager.ThreadManager object at 0x000001E4F00FA890>

test_pixmap = <PySide6.QtGui.QPixmap(QSize(200, 200),depth=32,devicePixelRatio=1,cacheKey=0x2500000002) at 0x000001E4F00F2D40>

test_pixmap2 = <PySide6.QtGui.QPixmap(QSize(200, 200),depth=32,devicePixelRatio=1,cacheKey=0x2600000002) at 0x000001E4F00FB200>



    def test_diffuse_no_watchdog(self, qt_app, settings_manager, thread_manager, test_pixmap, test_pixmap2):

        def configure(settings):

            cfg = settings.get("transitions", {}) or {}

            cfg["type"] = "Diffuse"

            cfg["duration_ms"] = 300

            cfg.setdefault("diffuse", {})["block_size"] = 50

            settings.set("transitions", cfg)

    

>       self._run_watchdog_scenario(qt_app, settings_manager, thread_manager, configure, test_pixmap, test_pixmap2)



tests\test_display_integration.py:267: 

_ _ _ _ _ _ _ _ _ _ _ _ _ _ _ _ _ _ _ _ _ _ _ _ _ _ _ _ _ _ _ _ _ _ _ _ _ _ _ _ _ _ _ _ _ _ _ _ _ _ _ _ _ _ _ _ _ _ _ _ _ _ _ _ _ _ _ _ _ _ _ _ _ _ _ _ _ _ _ _ _ _ _ _ _ _ _ _ _ _ _ _ _ _ _ _ _ _ _ _ _ _



self = <tests.test_display_integration.TestSoftwareBackendWatchdog object at 0x000001E4EE7F9D50>, qt_app = <PySide6.QtWidgets.QApplication(0x1e4be938320) at 0x000001E4EF8C3F00>

settings_manager = <core.settings.settings_manager.SettingsManager(0x1e4bec94ab0) at 0x000001E4F00F9DC0>, thread_manager = <core.threading.manager.ThreadManager object at 0x000001E4F00FA890>

configure = <function TestSoftwareBackendWatchdog.test_diffuse_no_watchdog.<locals>.configure at 0x000001E4F00C7420>

first_pixmap = <PySide6.QtGui.QPixmap(QSize(200, 200),depth=32,devicePixelRatio=1,cacheKey=0x2500000002) at 0x000001E4F00F2D40>

second_pixmap = <PySide6.QtGui.QPixmap(QSize(200, 200),depth=32,devicePixelRatio=1,cacheKey=0x2600000002) at 0x000001E4F00FB200>



    def _run_watchdog_scenario(

        self,

        qt_app,

        settings_manager,

        thread_manager,

        configure: Callable[[dict], None],

        first_pixmap: QPixmap,

        second_pixmap: QPixmap,

    ):

        configure(settings_manager)

        settings_manager.set("display.render_backend_mode", "software")

        settings_manager.set("display.hw_accel", False)

        settings_manager.set("transitions.watchdog_timeout_sec", 1.0)

    

        widget = DisplayWidget(

            screen_index=0,

            display_mode=DisplayMode.FILL,

            settings_manager=settings_manager,

            thread_manager=thread_manager,

        )

        widget.resize(400, 400)

    

        watchdog_flag = {"triggered": False}

        controller = getattr(widget, "_transition_controller", None)

    

        if controller is not None:

            def on_transition_cancelled(reason: str):

                if reason == "watchdog_timeout":

                    watchdog_flag["triggered"] = True

    

            controller.transition_cancelled.connect(on_transition_cancelled)

    

        widget.set_image(first_pixmap, "test1.png")

        finished = {"value": False}

    

        def on_finished():

            finished["value"] = True

    

        widget.set_image(second_pixmap, "test2.png")

        if widget._current_transition:

            widget._current_transition.finished.connect(on_finished)

            QTimer.singleShot(3000, qt_app.quit)

            qt_app.exec()

            assert finished["value"] is True

>           assert watchdog_flag["triggered"] is False

E           assert True is False



tests\test_display_integration.py:255: AssertionError

-------------------------------------------------------------------------------------------- Captured log call --------------------------------------------------------------------------------------------

WARNING  rendering.transition_controller:transition_controller.py:353 [WATCHDOG] Transition timeout: DiffuseTransition elapsed=1.00s overlay=None

============================================================================================ warnings summary =============================================================================================

core\windows\reddit_helper_installer.py:1

  F:\Programming\Apps\ShittyRandomPhotoScreenSaver\core\windows\reddit_helper_installer.py:1: DeprecationWarning: invalid escape sequence '\S'
    """




-- Docs: https://docs.pytest.org/en/stable/how-to/capture-warnings.html

========================================================================================= short test summary info =========================================================================================

FAILED tests/test_display_integration.py::TestSoftwareBackendWatchdog::test_diffuse_no_watchdog - assert True is False

!!!!!!!!!!!!!!!!!!!!!!!!!!!!!!!!!!!!!!!!!!!!!!!!!!!!!!!!!!!!!!!!!!!!!!!!!!!!!!!!!!!!!!!! stopping after 1 failures !!!!!!!!!!!!!!!!!!!!!!!!!!!!!!!!!!!!!!!!!!!!!!!!!!!!!!!!!!!!!!!!!!!!!!!!!!!!!!!!!!!!!!!!

================================================================================= 1 failed, 9 passed, 1 warning in 20.30s =================================================================================


===== pytest run 2026-01-02 22:01:50 args=['tests/test_display_integration.py', '-vv', '--maxfail=1'] =====

=========================================================================================== test session starts ===========================================================================================

platform win32 -- Python 3.11.9, pytest-8.4.1, pluggy-1.6.0 -- C:\Python311\python.exe

cachedir: .pytest_cache

PySide6 6.9.1 -- Qt runtime 6.9.1 -- Qt compiled 6.9.1

rootdir: F:\Programming\Apps\ShittyRandomPhotoScreenSaver

configfile: pytest.ini

plugins: cov-7.0.0, qt-4.5.0

collecting ... 
collected 56 items



tests/test_display_integration.py::TestDisplayTransitions::test_transition_runs_and_completes[crossfade] 
PASSED                                                                                      [  1%]


tests/test_display_integration.py::TestDisplayTransitions::test_transition_runs_and_completes[slide] 
PASSED                                                                                          [  3%]


tests/test_display_integration.py::TestDisplayTransitions::test_transition_runs_and_completes[diffuse] 
PASSED                                                                                        [  5%]


tests/test_display_integration.py::TestDisplayTransitions::test_transition_runs_and_completes[block_flip] 
PASSED                                                                                     [  7%]


tests/test_display_integration.py::TestDisplayTransitions::test_transition_runs_and_completes[wipe] 
PASSED                                                                                           [  8%]


tests/test_display_integration.py::TestDisplayTransitions::test_transition_cleanup_on_clear 
PASSED                                                                                                   [ 10%]


tests/test_display_integration.py::TestDisplayTransitions::test_transition_settings_respected 
PASSED                                                                                                 [ 12%]


tests/test_display_integration.py::TestDisplayTransitions::test_transition_fallback_on_invalid_type 
PASSED                                                                                           [ 14%]


tests/test_display_integration.py::TestDisplayTransitions::test_random_slide_direction_selection 
PASSED                                                                                              [ 16%]


tests/test_display_integration.py::TestSoftwareBackendWatchdog::test_diffuse_no_watchdog 
FAILED                                                                                                      [ 17%]




================================================================================================ FAILURES =================================================================================================

__________________________________________________________________________ TestSoftwareBackendWatchdog.test_diffuse_no_watchdog ___________________________________________________________________________



self = <tests.test_display_integration.TestSoftwareBackendWatchdog object at 0x000002707F605B90>, qt_app = <PySide6.QtWidgets.QApplication(0x2706798cc30) at 0x000002707ED87F80>

settings_manager = <core.settings.settings_manager.SettingsManager(0x270683f45d0) at 0x000002707FDEDC80>, thread_manager = <core.threading.manager.ThreadManager object at 0x000002707FE29710>

test_pixmap = <PySide6.QtGui.QPixmap(QSize(200, 200),depth=32,devicePixelRatio=1,cacheKey=0x2500000002) at 0x000002707FE2B480>

test_pixmap2 = <PySide6.QtGui.QPixmap(QSize(200, 200),depth=32,devicePixelRatio=1,cacheKey=0x2600000002) at 0x000002707FE28C80>



    def test_diffuse_no_watchdog(self, qt_app, settings_manager, thread_manager, test_pixmap, test_pixmap2):

        def configure(settings):

            cfg = settings.get("transitions", {}) or {}

            cfg["type"] = "Diffuse"

            cfg["duration_ms"] = 300

            cfg.setdefault("diffuse", {})["block_size"] = 50

            settings.set("transitions", cfg)

    

>       self._run_watchdog_scenario(qt_app, settings_manager, thread_manager, configure, test_pixmap, test_pixmap2)



tests\test_display_integration.py:267: 

_ _ _ _ _ _ _ _ _ _ _ _ _ _ _ _ _ _ _ _ _ _ _ _ _ _ _ _ _ _ _ _ _ _ _ _ _ _ _ _ _ _ _ _ _ _ _ _ _ _ _ _ _ _ _ _ _ _ _ _ _ _ _ _ _ _ _ _ _ _ _ _ _ _ _ _ _ _ _ _ _ _ _ _ _ _ _ _ _ _ _ _ _ _ _ _ _ _ _ _ _ _



self = <tests.test_display_integration.TestSoftwareBackendWatchdog object at 0x000002707F605B90>, qt_app = <PySide6.QtWidgets.QApplication(0x2706798cc30) at 0x000002707ED87F80>

settings_manager = <core.settings.settings_manager.SettingsManager(0x270683f45d0) at 0x000002707FDEDC80>, thread_manager = <core.threading.manager.ThreadManager object at 0x000002707FE29710>

configure = <function TestSoftwareBackendWatchdog.test_diffuse_no_watchdog.<locals>.configure at 0x000002707FDF0860>

first_pixmap = <PySide6.QtGui.QPixmap(QSize(200, 200),depth=32,devicePixelRatio=1,cacheKey=0x2500000002) at 0x000002707FE2B480>

second_pixmap = <PySide6.QtGui.QPixmap(QSize(200, 200),depth=32,devicePixelRatio=1,cacheKey=0x2600000002) at 0x000002707FE28C80>



    def _run_watchdog_scenario(

        self,

        qt_app,

        settings_manager,

        thread_manager,

        configure: Callable[[dict], None],

        first_pixmap: QPixmap,

        second_pixmap: QPixmap,

    ):

        configure(settings_manager)

        settings_manager.set("display.render_backend_mode", "software")

        settings_manager.set("display.hw_accel", False)

        settings_manager.set("transitions.watchdog_timeout_sec", 1.0)

    

        widget = DisplayWidget(

            screen_index=0,

            display_mode=DisplayMode.FILL,

            settings_manager=settings_manager,

            thread_manager=thread_manager,

        )

        widget.resize(400, 400)

    

        watchdog_flag = {"triggered": False}

        controller = getattr(widget, "_transition_controller", None)

    

        if controller is not None:

            def on_transition_cancelled(reason: str):

                if reason == "watchdog_timeout":

                    watchdog_flag["triggered"] = True

    

            controller.transition_cancelled.connect(on_transition_cancelled)

    

        widget.set_image(first_pixmap, "test1.png")

        finished = {"value": False}

    

        def on_finished():

            finished["value"] = True

    

        widget.set_image(second_pixmap, "test2.png")

        if widget._current_transition:

            widget._current_transition.finished.connect(on_finished)

            QTimer.singleShot(3000, qt_app.quit)

            qt_app.exec()

            assert finished["value"] is True

>           assert watchdog_flag["triggered"] is False

E           assert True is False



tests\test_display_integration.py:255: AssertionError

-------------------------------------------------------------------------------------------- Captured log call --------------------------------------------------------------------------------------------

WARNING  rendering.transition_controller:transition_controller.py:353 [WATCHDOG] Transition timeout: DiffuseTransition elapsed=1.00s overlay=None

========================================================================================= short test summary info =========================================================================================

FAILED tests/test_display_integration.py::TestSoftwareBackendWatchdog::test_diffuse_no_watchdog - assert True is False

!!!!!!!!!!!!!!!!!!!!!!!!!!!!!!!!!!!!!!!!!!!!!!!!!!!!!!!!!!!!!!!!!!!!!!!!!!!!!!!!!!!!!!!! stopping after 1 failures !!!!!!!!!!!!!!!!!!!!!!!!!!!!!!!!!!!!!!!!!!!!!!!!!!!!!!!!!!!!!!!!!!!!!!!!!!!!!!!!!!!!!!!!

====================================================================================== 1 failed, 9 passed in 19.82s =======================================================================================


===== pytest run 2026-01-02 22:46:24 args=['tests/test_display_integration.py::TestSoftwareBackendWatchdog', '-vv', '--maxfail=1'] =====

=========================================================================================== test session starts ===========================================================================================

platform win32 -- Python 3.11.9, pytest-8.4.1, pluggy-1.6.0 -- C:\Python311\python.exe

cachedir: .pytest_cache

PySide6 6.9.1 -- Qt runtime 6.9.1 -- Qt compiled 6.9.1

rootdir: F:\Programming\Apps\ShittyRandomPhotoScreenSaver

configfile: pytest.ini

plugins: cov-7.0.0, qt-4.5.0

collecting ... 
collected 2 items



tests/test_display_integration.py::TestSoftwareBackendWatchdog::test_diffuse_no_watchdog 
FAILED                                                                                                      [ 50%]




================================================================================================ FAILURES =================================================================================================

__________________________________________________________________________ TestSoftwareBackendWatchdog.test_diffuse_no_watchdog ___________________________________________________________________________



self = <tests.test_display_integration.TestSoftwareBackendWatchdog object at 0x00000260F8DE30D0>, qt_app = <PySide6.QtWidgets.QApplication(0x260f9f89760) at 0x00000260FF7440C0>

settings_manager = <core.settings.settings_manager.SettingsManager(0x260fa039230) at 0x00000260F8DE2AC0>, thread_manager = <core.threading.manager.ThreadManager object at 0x00000260FF746110>

test_pixmap = <PySide6.QtGui.QPixmap(QSize(200, 200),depth=32,devicePixelRatio=1,cacheKey=0x100000002) at 0x00000260FF75E880>

test_pixmap2 = <PySide6.QtGui.QPixmap(QSize(200, 200),depth=32,devicePixelRatio=1,cacheKey=0x200000002) at 0x00000260FF75EA00>



    def test_diffuse_no_watchdog(self, qt_app, settings_manager, thread_manager, test_pixmap, test_pixmap2):

        def configure(settings):

            cfg = settings.get("transitions", {}) or {}

            cfg["type"] = "Diffuse"

            cfg["duration_ms"] = 300

            cfg.setdefault("diffuse", {})["block_size"] = 50

            settings.set("transitions", cfg)

    

>       self._run_watchdog_scenario(qt_app, settings_manager, thread_manager, configure, test_pixmap, test_pixmap2)



tests\test_display_integration.py:267: 

_ _ _ _ _ _ _ _ _ _ _ _ _ _ _ _ _ _ _ _ _ _ _ _ _ _ _ _ _ _ _ _ _ _ _ _ _ _ _ _ _ _ _ _ _ _ _ _ _ _ _ _ _ _ _ _ _ _ _ _ _ _ _ _ _ _ _ _ _ _ _ _ _ _ _ _ _ _ _ _ _ _ _ _ _ _ _ _ _ _ _ _ _ _ _ _ _ _ _ _ _ _



self = <tests.test_display_integration.TestSoftwareBackendWatchdog object at 0x00000260F8DE30D0>, qt_app = <PySide6.QtWidgets.QApplication(0x260f9f89760) at 0x00000260FF7440C0>

settings_manager = <core.settings.settings_manager.SettingsManager(0x260fa039230) at 0x00000260F8DE2AC0>, thread_manager = <core.threading.manager.ThreadManager object at 0x00000260FF746110>

configure = <function TestSoftwareBackendWatchdog.test_diffuse_no_watchdog.<locals>.configure at 0x00000260FF736200>

first_pixmap = <PySide6.QtGui.QPixmap(QSize(200, 200),depth=32,devicePixelRatio=1,cacheKey=0x100000002) at 0x00000260FF75E880>

second_pixmap = <PySide6.QtGui.QPixmap(QSize(200, 200),depth=32,devicePixelRatio=1,cacheKey=0x200000002) at 0x00000260FF75EA00>



    def _run_watchdog_scenario(

        self,

        qt_app,

        settings_manager,

        thread_manager,

        configure: Callable[[dict], None],

        first_pixmap: QPixmap,

        second_pixmap: QPixmap,

    ):

        configure(settings_manager)

        settings_manager.set("display.render_backend_mode", "software")

        settings_manager.set("display.hw_accel", False)

        settings_manager.set("transitions.watchdog_timeout_sec", 1.0)

    

        widget = DisplayWidget(

            screen_index=0,

            display_mode=DisplayMode.FILL,

            settings_manager=settings_manager,

            thread_manager=thread_manager,

        )

        widget.resize(400, 400)

    

        watchdog_flag = {"triggered": False}

        controller = getattr(widget, "_transition_controller", None)

    

        if controller is not None:

            def on_transition_cancelled(reason: str):

                if reason == "watchdog_timeout":

                    watchdog_flag["triggered"] = True

    

            controller.transition_cancelled.connect(on_transition_cancelled)

    

        widget.set_image(first_pixmap, "test1.png")

        finished = {"value": False}

    

        def on_finished():

            finished["value"] = True

    

        widget.set_image(second_pixmap, "test2.png")

        if widget._current_transition:

            widget._current_transition.finished.connect(on_finished)

            QTimer.singleShot(3000, qt_app.quit)

            qt_app.exec()

            assert finished["value"] is True

>           assert watchdog_flag["triggered"] is False

E           assert True is False



tests\test_display_integration.py:255: AssertionError

-------------------------------------------------------------------------------------------- Captured log call --------------------------------------------------------------------------------------------

WARNING  rendering.transition_controller:transition_controller.py:353 [WATCHDOG] Transition timeout: DiffuseTransition elapsed=1.00s overlay=None

========================================================================================= short test summary info =========================================================================================

FAILED tests/test_display_integration.py::TestSoftwareBackendWatchdog::test_diffuse_no_watchdog - assert True is False

!!!!!!!!!!!!!!!!!!!!!!!!!!!!!!!!!!!!!!!!!!!!!!!!!!!!!!!!!!!!!!!!!!!!!!!!!!!!!!!!!!!!!!!! stopping after 1 failures !!!!!!!!!!!!!!!!!!!!!!!!!!!!!!!!!!!!!!!!!!!!!!!!!!!!!!!!!!!!!!!!!!!!!!!!!!!!!!!!!!!!!!!!

============================================================================================ 1 failed in 4.53s ============================================================================================


===== pytest run 2026-01-02 22:50:02 args=['tests/test_display_integration.py::TestDisplayTransitions', '-vv', '--maxfail=1'] =====

=========================================================================================== test session starts ===========================================================================================

platform win32 -- Python 3.11.9, pytest-8.4.1, pluggy-1.6.0 -- C:\Python311\python.exe

cachedir: .pytest_cache

PySide6 6.9.1 -- Qt runtime 6.9.1 -- Qt compiled 6.9.1

rootdir: F:\Programming\Apps\ShittyRandomPhotoScreenSaver

configfile: pytest.ini

plugins: cov-7.0.0, qt-4.5.0

collecting ... 
collected 9 items



tests/test_display_integration.py::TestDisplayTransitions::test_transition_runs_and_completes[crossfade] 
PASSED                                                                                      [ 11%]


tests/test_display_integration.py::TestDisplayTransitions::test_transition_runs_and_completes[slide] 
PASSED                                                                                          [ 22%]


tests/test_display_integration.py::TestDisplayTransitions::test_transition_runs_and_completes[diffuse] 
PASSED                                                                                        [ 33%]


tests/test_display_integration.py::TestDisplayTransitions::test_transition_runs_and_completes[block_flip] 
PASSED                                                                                     [ 44%]


tests/test_display_integration.py::TestDisplayTransitions::test_transition_runs_and_completes[wipe] 
PASSED                                                                                           [ 55%]


tests/test_display_integration.py::TestDisplayTransitions::test_transition_cleanup_on_clear 
PASSED                                                                                                   [ 66%]


tests/test_display_integration.py::TestDisplayTransitions::test_transition_settings_respected 
PASSED                                                                                                 [ 77%]


tests/test_display_integration.py::TestDisplayTransitions::test_transition_fallback_on_invalid_type 
PASSED                                                                                           [ 88%]


tests/test_display_integration.py::TestDisplayTransitions::test_random_slide_direction_selection 
PASSED                                                                                              [100%]




============================================================================================ warnings summary =============================================================================================

core\windows\reddit_helper_installer.py:1

  F:\Programming\Apps\ShittyRandomPhotoScreenSaver\core\windows\reddit_helper_installer.py:1: DeprecationWarning: invalid escape sequence '\S'
    """




-- Docs: https://docs.pytest.org/en/stable/how-to/capture-warnings.html

====================================================================================== 9 passed, 1 warning in 16.57s ======================================================================================


===== pytest run 2026-01-02 22:50:39 args=['tests/test_display_integration.py::TestSoftwareBackendWatchdog', '-vv', '--maxfail=1'] =====

=========================================================================================== test session starts ===========================================================================================

platform win32 -- Python 3.11.9, pytest-8.4.1, pluggy-1.6.0 -- C:\Python311\python.exe

cachedir: .pytest_cache

PySide6 6.9.1 -- Qt runtime 6.9.1 -- Qt compiled 6.9.1

rootdir: F:\Programming\Apps\ShittyRandomPhotoScreenSaver

configfile: pytest.ini

plugins: cov-7.0.0, qt-4.5.0

collecting ... 
collected 2 items



tests/test_display_integration.py::TestSoftwareBackendWatchdog::test_diffuse_no_watchdog 
FAILED                                                                                                      [ 50%]




================================================================================================ FAILURES =================================================================================================

__________________________________________________________________________ TestSoftwareBackendWatchdog.test_diffuse_no_watchdog ___________________________________________________________________________



self = <tests.test_display_integration.TestSoftwareBackendWatchdog object at 0x0000027FFEB0A8D0>, qt_app = <PySide6.QtWidgets.QApplication(0x27ff137ba90) at 0x0000027FFE7AA480>

settings_manager = <core.settings.settings_manager.SettingsManager(0x27ff143ef20) at 0x0000027FFEB0BD80>, thread_manager = <core.threading.manager.ThreadManager object at 0x0000027FFEB19D10>

test_pixmap = <PySide6.QtGui.QPixmap(QSize(200, 200),depth=32,devicePixelRatio=1,cacheKey=0x100000002) at 0x0000027FFEB2E880>

test_pixmap2 = <PySide6.QtGui.QPixmap(QSize(200, 200),depth=32,devicePixelRatio=1,cacheKey=0x200000002) at 0x0000027FFEB2EA00>



    def test_diffuse_no_watchdog(self, qt_app, settings_manager, thread_manager, test_pixmap, test_pixmap2):

        def configure(settings):

            cfg = settings.get("transitions", {}) or {}

            cfg["type"] = "Diffuse"

            cfg["duration_ms"] = 300

            cfg.setdefault("diffuse", {})["block_size"] = 50

            settings.set("transitions", cfg)

    

>       self._run_watchdog_scenario(qt_app, settings_manager, thread_manager, configure, test_pixmap, test_pixmap2)



tests\test_display_integration.py:267: 

_ _ _ _ _ _ _ _ _ _ _ _ _ _ _ _ _ _ _ _ _ _ _ _ _ _ _ _ _ _ _ _ _ _ _ _ _ _ _ _ _ _ _ _ _ _ _ _ _ _ _ _ _ _ _ _ _ _ _ _ _ _ _ _ _ _ _ _ _ _ _ _ _ _ _ _ _ _ _ _ _ _ _ _ _ _ _ _ _ _ _ _ _ _ _ _ _ _ _ _ _ _



self = <tests.test_display_integration.TestSoftwareBackendWatchdog object at 0x0000027FFEB0A8D0>, qt_app = <PySide6.QtWidgets.QApplication(0x27ff137ba90) at 0x0000027FFE7AA480>

settings_manager = <core.settings.settings_manager.SettingsManager(0x27ff143ef20) at 0x0000027FFEB0BD80>, thread_manager = <core.threading.manager.ThreadManager object at 0x0000027FFEB19D10>

configure = <function TestSoftwareBackendWatchdog.test_diffuse_no_watchdog.<locals>.configure at 0x0000027FFEB060C0>

first_pixmap = <PySide6.QtGui.QPixmap(QSize(200, 200),depth=32,devicePixelRatio=1,cacheKey=0x100000002) at 0x0000027FFEB2E880>

second_pixmap = <PySide6.QtGui.QPixmap(QSize(200, 200),depth=32,devicePixelRatio=1,cacheKey=0x200000002) at 0x0000027FFEB2EA00>



    def _run_watchdog_scenario(

        self,

        qt_app,

        settings_manager,

        thread_manager,

        configure: Callable[[dict], None],

        first_pixmap: QPixmap,

        second_pixmap: QPixmap,

    ):

        configure(settings_manager)

        settings_manager.set("display.render_backend_mode", "software")

        settings_manager.set("display.hw_accel", False)

        settings_manager.set("transitions.watchdog_timeout_sec", 1.0)

    

        widget = DisplayWidget(

            screen_index=0,

            display_mode=DisplayMode.FILL,

            settings_manager=settings_manager,

            thread_manager=thread_manager,

        )

        widget.resize(400, 400)

    

        watchdog_flag = {"triggered": False}

        controller = getattr(widget, "_transition_controller", None)

    

        if controller is not None:

            def on_transition_cancelled(reason: str):

                if reason == "watchdog_timeout":

                    watchdog_flag["triggered"] = True

    

            controller.transition_cancelled.connect(on_transition_cancelled)

    

        widget.set_image(first_pixmap, "test1.png")

        finished = {"value": False}

    

        def on_finished():

            finished["value"] = True

    

        widget.set_image(second_pixmap, "test2.png")

        if widget._current_transition:

            widget._current_transition.finished.connect(on_finished)

            QTimer.singleShot(3000, qt_app.quit)

            qt_app.exec()

            assert finished["value"] is True

>           assert watchdog_flag["triggered"] is False

E           assert True is False



tests\test_display_integration.py:255: AssertionError

-------------------------------------------------------------------------------------------- Captured log call --------------------------------------------------------------------------------------------

[...]

E     PySide6.QtCore.QObject.__init__(MagicMock)

E   Supported signatures:

E     PySide6.QtCore.QObject.__init__(parent: PySide6.QtCore.QObject | None = None, *, objectName: str | None = None)

___ test_handler_ignores_missing_path ____

tests\test_double_click_navigation.py:86: in test_handler_ignores_missing_path

    handler = InputHandler(parent)

              ^^^^^^^^^^^^^^^^^^^^

rendering\input_handler.py:75: in __init__

    super().__init__(parent)

E   TypeError: 'PySide6.QtCore.QObject.__init__' called with wrong argument types:

E     PySide6.QtCore.QObject.__init__(MagicMock)

E   Supported signatures:

E     PySide6.QtCore.QObject.__init__(parent: PySide6.QtCore.QObject | None = None, *, objectName: str | None = None)

============ warnings summary ============

tests\test_double_click_navigation.py:15

  F:\Programming\Apps\ShittyRandomPhotoScreenSaver\tests\test_double_click_navigation.py:15: PytestCollectionWarning: cannot collect test class 'TestableDisplayWidget' because it has a __init__ constructor (from: tests/test_double_click_navigation.py)
    class TestableDisplayWidget(DisplayWidget):




tests/test_double_click_navigation.py::test_double_click_triggers_handler

  F:\Programming\Apps\ShittyRandomPhotoScreenSaver\tests\test_double_click_navigation.py:48: DeprecationWarning: Function: 'QMouseEvent.QMouseEvent(QEvent.Type type, const QPointF &localPos, Qt.MouseButton button, QFlags<Qt.MouseButton> buttons, QFlags<Qt.KeyboardModifier> modifiers, const QPointingDevice *device)' is marked as deprecated, please check the documentation for more information.
    event = QMouseEvent(




-- Docs: https://docs.pytest.org/en/stable/how-to/capture-warnings.html

======== short test summary info =========

FAILED tests/test_double_click_navigation.py::test_handler_opens_explorer

FAILED tests/test_double_click_navigation.py::test_handler_ignores_missing_path

= 2 failed, 2 passed, 2 warnings in 0.85s =


===== pytest run 2026-01-04 00:23:30 args=['tests/test_widget_positioning_comprehensive.py', '-v', '--tb=short'] =====

========== test session starts ===========

platform win32 -- Python 3.11.9, pytest-8.4.1, pluggy-1.6.0 -- C:\Python311\python.exe

cachedir: .pytest_cache

PySide6 6.9.1 -- Qt runtime 6.9.1 -- Qt compiled 6.9.1

rootdir: F:\Programming\Apps\ShittyRandomPhotoScreenSaver

configfile: pytest.ini

plugins: cov-7.0.0, qt-4.5.0

collecting ... 
collected 22 items



tests/test_widget_positioning_comprehensive.py::test_positioning_systems_in_sync 
PASSED [  4%]


tests/test_widget_positioning_comprehensive.py::test_all_widget_enums_in_sync 
PASSED [  9%]


tests/test_widget_positioning_comprehensive.py::test_enum_count_consistency 
PASSED [ 13%]


tests/test_widget_positioning_comprehensive.py::test_stack_offsets_prevent_collisions 
PASSED [ 18%]


tests/test_widget_positioning_comprehensive.py::test_missing_stack_offsets_trigger_collision 
PASSED [ 22%]


tests/test_widget_positioning_comprehensive.py::test_multi_anchor_stack_offsets 
PASSED [ 27%]


tests/test_widget_positioning_comprehensive.py::test_middle_anchor_positioning_correct[PositionAnchor.MIDDLE_LEFT] 
PASSED [ 31%]


tests/test_widget_positioning_comprehensive.py::test_middle_anchor_positioning_correct[PositionAnchor.CENTER] 
PASSED [ 36%]


tests/test_widget_positioning_comprehensive.py::test_middle_anchor_positioning_correct[PositionAnchor.MIDDLE_RIGHT] 
PASSED [ 40%]


tests/test_widget_positioning_comprehensive.py::test_middle_left_stacking 
PASSED [ 45%]


tests/test_widget_positioning_comprehensive.py::test_center_stacking 
PASSED [ 50%]


tests/test_widget_positioning_comprehensive.py::test_middle_right_stacking 
PASSED [ 54%]


tests/test_widget_positioning_comprehensive.py::test_reddit2_center_positioning 
PASSED [ 59%]


tests/test_widget_positioning_comprehensive.py::test_reddit2_middle_left_positioning 
PASSED [ 63%]


tests/test_widget_positioning_comprehensive.py::test_reddit2_middle_right_positioning 
PASSED [ 68%]


tests/test_widget_positioning_comprehensive.py::test_reddit1_and_reddit2_different_positions 
PASSED [ 72%]


tests/test_widget_positioning_comprehensive.py::test_top_and_middle_vertical_separation 
PASSED [ 77%]


tests/test_widget_positioning_comprehensive.py::test_bottom_and_middle_vertical_separation 
PASSED [ 81%]


tests/test_widget_positioning_comprehensive.py::test_left_right_horizontal_separation 
PASSED [ 86%]


tests/test_widget_positioning_comprehensive.py::test_large_widgets_may_collide_at_center 
PASSED [ 90%]


tests/test_widget_positioning_comprehensive.py::test_widget_clamped_to_container 
PASSED [ 95%]


tests/test_widget_positioning_comprehensive.py::test_small_container_handles_large_widget 
PASSED [100%]




=========== 22 passed in 0.21s ===========


===== pytest run 2026-01-04 01:57:18 args=['tests/test_settings_models.py'] =====

=========================================================================================== test session starts ===========================================================================================

platform win32 -- Python 3.11.9, pytest-8.4.1, pluggy-1.6.0

PySide6 6.9.1 -- Qt runtime 6.9.1 -- Qt compiled 6.9.1

rootdir: F:\Programming\Apps\ShittyRandomPhotoScreenSaver

configfile: pytest.ini

plugins: cov-7.0.0, qt-4.5.0

collected 32 items



tests\test_settings_models.py 
.
.
.
.
.
.
.
.
.
.
.
.
.
.
.
.
.
.
.
.
.
.
.
.
.
.
.
.
.
.
.
.
                                                                                                                                       [100%]




=========================================================================================== 32 passed in 0.22s ============================================================================================


===== pytest run 2026-01-04 02:13:39 args=['tests/test_widget_manager_refresh.py'] =====

=========================================================================================== test session starts ===========================================================================================

platform win32 -- Python 3.11.9, pytest-8.4.1, pluggy-1.6.0

PySide6 6.9.1 -- Qt runtime 6.9.1 -- Qt compiled 6.9.1

rootdir: F:\Programming\Apps\ShittyRandomPhotoScreenSaver

configfile: pytest.ini

plugins: cov-7.0.0, qt-4.5.0

collected 1 item



tests\test_widget_manager_refresh.py 
F
                                                                                                                                                               [100%]




================================================================================================ FAILURES =================================================================================================

__________________________________________________________________________ test_media_widget_creation_handles_prefixed_positions __________________________________________________________________________



monkeypatch = <_pytest.monkeypatch.MonkeyPatch object at 0x000001DCA2A55550>



    @pytest.mark.usefixtures()

    def test_media_widget_creation_handles_prefixed_positions(monkeypatch):

        """WidgetManager should normalize settings strings and configure widgets."""

    

        monkeypatch.setattr("rendering.widget_manager.MediaWidget", _StubMediaWidget)

        _StubMediaWidget.instances.clear()

    

        parent = SimpleNamespace()

        manager = WidgetManager(parent, ResourceManager())

    

        widgets_config = {

            "media": {

                "enabled": True,

                "monitor": "ALL",

                "position": "WidgetPosition.TOP_CENTER",

                "font_family": "Inter",

                "font_size": 42,

                "margin": 15,

                "artwork_size": 180,

                "rounded_artwork_border": False,

                "show_controls": False,

                "show_header_frame": False,

                "color": [10, 20, 30, 255],

                "bg_color": [1, 2, 3, 4],

                "bg_opacity": 0.8,

                "show_background": True,

                "border_color": [5, 6, 7, 128],

                "border_opacity": 0.5,

                "intense_shadow": True,

            }

        }

        shadows_config = {"enabled": True}

    

        widget = manager.create_media_widget(widgets_config, shadows_config, screen_index=0)

    

        assert isinstance(widget, _StubMediaWidget)

        assert widget.position == MediaPosition.TOP_CENTER

        assert widget.font_family == "Inter"

>       assert widget.font_size == 42

E       assert None == 42

E        +  where None = <tests.test_widget_manager_refresh._StubMediaWidget object at 0x000001DCA2A2B310>.font_size



tests\test_widget_manager_refresh.py:129: AssertionError

============================================================================================ warnings summary =============================================================================================

tests\test_widget_manager_refresh.py:91

  tests\test_widget_manager_refresh.py:91: PytestWarning: usefixtures() in tests/test_widget_manager_refresh.py::test_media_widget_creation_handles_prefixed_positions without arguments has no effect
    @pytest.mark.usefixtures()




-- Docs: https://docs.pytest.org/en/stable/how-to/capture-warnings.html

========================================================================================= short test summary info =========================================================================================

FAILED tests/test_widget_manager_refresh.py::test_media_widget_creation_handles_prefixed_positions - assert None == 42

====================================================================================== 1 failed, 1 warning in 0.42s =======================================================================================


===== pytest run 2026-01-04 02:13:52 args=['tests/test_widget_manager_refresh.py', '-vv'] =====

=========================================================================================== test session starts ===========================================================================================

platform win32 -- Python 3.11.9, pytest-8.4.1, pluggy-1.6.0 -- C:\Python311\python.exe

cachedir: .pytest_cache

PySide6 6.9.1 -- Qt runtime 6.9.1 -- Qt compiled 6.9.1

rootdir: F:\Programming\Apps\ShittyRandomPhotoScreenSaver

configfile: pytest.ini

plugins: cov-7.0.0, qt-4.5.0

collecting ... 
collected 1 item



tests/test_widget_manager_refresh.py::test_media_widget_creation_handles_prefixed_positions 
FAILED                                                                                                   [100%]




================================================================================================ FAILURES =================================================================================================

__________________________________________________________________________ test_media_widget_creation_handles_prefixed_positions __________________________________________________________________________



monkeypatch = <_pytest.monkeypatch.MonkeyPatch object at 0x000002B7439D31D0>



    @pytest.mark.usefixtures()

    def test_media_widget_creation_handles_prefixed_positions(monkeypatch):

        """WidgetManager should normalize settings strings and configure widgets."""

    

        monkeypatch.setattr("rendering.widget_manager.MediaWidget", _StubMediaWidget)

        _StubMediaWidget.instances.clear()

    

        parent = SimpleNamespace()

        manager = WidgetManager(parent, ResourceManager())

    

        widgets_config = {

            "media": {

                "enabled": True,

                "monitor": "ALL",

                "position": "WidgetPosition.TOP_CENTER",

                "font_family": "Inter",

                "font_size": 42,

                "margin": 15,

                "artwork_size": 180,

                "rounded_artwork_border": False,

                "show_controls": False,

                "show_header_frame": False,

                "color": [10, 20, 30, 255],

                "bg_color": [1, 2, 3, 4],

                "bg_opacity": 0.8,

                "show_background": True,

                "border_color": [5, 6, 7, 128],

                "border_opacity": 0.5,

                "intense_shadow": True,

            }

        }

        shadows_config = {"enabled": True}

    

        widget = manager.create_media_widget(widgets_config, shadows_config, screen_index=0)

    

        assert isinstance(widget, _StubMediaWidget)

        assert widget.position == MediaPosition.TOP_CENTER

        assert widget.font_family == "Inter"

>       assert widget.font_size == 42

E       assert None == 42

E        +  where None = <tests.test_widget_manager_refresh._StubMediaWidget object at 0x000002B7439D3610>.font_size



tests\test_widget_manager_refresh.py:129: AssertionError

============================================================================================ warnings summary =============================================================================================

tests\test_widget_manager_refresh.py:91

  tests\test_widget_manager_refresh.py:91: PytestWarning: usefixtures() in tests/test_widget_manager_refresh.py::test_media_widget_creation_handles_prefixed_positions without arguments has no effect
    @pytest.mark.usefixtures()




-- Docs: https://docs.pytest.org/en/stable/how-to/capture-warnings.html

========================================================================================= short test summary info =========================================================================================

FAILED tests/test_widget_manager_refresh.py::test_media_widget_creation_handles_prefixed_positions - assert None == 42
 +  where None = <tests.test_widget_manager_refresh._StubMediaWidget object at 0x000002B7439D3610>.font_size


====================================================================================== 1 failed, 1 warning in 0.32s =======================================================================================


===== pytest run 2026-01-04 02:17:49 args=['tests/test_settings_models.py', 'tests/test_widget_manager_refresh.py'] =====

=========================================================================================== test session starts ===========================================================================================

platform win32 -- Python 3.11.9, pytest-8.4.1, pluggy-1.6.0

PySide6 6.9.1 -- Qt runtime 6.9.1 -- Qt compiled 6.9.1

rootdir: F:\Programming\Apps\ShittyRandomPhotoScreenSaver

configfile: pytest.ini

plugins: cov-7.0.0, qt-4.5.0

collected 36 items



tests\test_settings_models.py 
.
.
.
.
.
.
.
.
.
.
.
.
.
.
.
.
.
.
.
.
.
.
.
.
.
.
.
.
.
.
.
.
                                                                                                                                       [ 88%]


tests\test_widget_manager_refresh.py 
F
.
.
.
                                                                                                                                                            [100%]




================================================================================================ FAILURES =================================================================================================

__________________________________________________________________________ test_media_widget_creation_handles_prefixed_positions __________________________________________________________________________



monkeypatch = <_pytest.monkeypatch.MonkeyPatch object at 0x000001D338DD9FD0>



    def test_media_widget_creation_handles_prefixed_positions(monkeypatch):

        monkeypatch.setattr("rendering.widget_manager.MediaWidget", _StubMediaWidget)

        _StubMediaWidget.instances.clear()

    

        manager = _create_manager()

        widgets_config = {

            "media": {

                "enabled": True,

                "monitor": "ALL",

                "position": "WidgetPosition.TOP_CENTER",

                "font_family": "Inter",

                "font_size": 42,

                "margin": 15,

                "artwork_size": 180,

                "rounded_artwork_border": False,

                "show_controls": False,

                "show_header_frame": False,

                "color": [10, 20, 30, 255],

                "bg_color": [1, 2, 3, 4],

                "bg_opacity": 0.8,

                "show_background": True,

                "border_color": [5, 6, 7, 128],

                "border_opacity": 0.5,

                "intense_shadow": True,

            }

        }

    

        widget = manager.create_media_widget(widgets_config, {"enabled": True}, screen_index=0)

    

        assert isinstance(widget, _StubMediaWidget)

        assert widget.position == MediaPosition.TOP_CENTER

>       assert widget.font_size == 42

E       assert None == 42

E        +  where None = <tests.test_widget_manager_refresh._StubMediaWidget object at 0x000001D338DDA9D0>.font_size



tests\test_widget_manager_refresh.py:323: AssertionError

========================================================================================= short test summary info =========================================================================================

FAILED tests/test_widget_manager_refresh.py::test_media_widget_creation_handles_prefixed_positions - assert None == 42

====================================================================================== 1 failed, 35 passed in 0.74s =======================================================================================


===== pytest run 2026-01-04 02:20:24 args=['tests/test_settings_models.py', 'tests/test_widget_manager_refresh.py'] =====

=========================================================================================== test session starts ===========================================================================================

platform win32 -- Python 3.11.9, pytest-8.4.1, pluggy-1.6.0

PySide6 6.9.1 -- Qt runtime 6.9.1 -- Qt compiled 6.9.1

rootdir: F:\Programming\Apps\ShittyRandomPhotoScreenSaver

configfile: pytest.ini

plugins: cov-7.0.0, qt-4.5.0

collected 36 items



tests\test_settings_models.py 
.
.
.
.
.
.
.
.
.
.
.
.
.
.
.
.
.
.
.
.
.
.
.
.
.
.
.
.
.
.
.
.
                                                                                                                                       [ 88%]


tests\test_widget_manager_refresh.py 
.
.
.
.
                                                                                                                                                            [100%]




=========================================================================================== 36 passed in 0.38s ============================================================================================


===== pytest run 2026-01-04 03:05:28 args=['tests/test_widget_overlay_regressions.py'] =====

=========================================================================================== test session starts ===========================================================================================

platform win32 -- Python 3.11.9, pytest-8.4.1, pluggy-1.6.0

PySide6 6.9.1 -- Qt runtime 6.9.1 -- Qt compiled 6.9.1

rootdir: F:\Programming\Apps\ShittyRandomPhotoScreenSaver

configfile: pytest.ini

plugins: cov-7.0.0, qt-4.5.0

collected 7 items



tests\test_widget_overlay_regressions.py 
.
.
.
.
.
.
.
                                                                                                                                                     [100%]




============================================================================================ 7 passed in 0.57s ============================================================================================

