============================= test session starts =============================
platform win32 -- Python 3.11.9, pytest-8.4.1, pluggy-1.6.0 -- C:\Python311\python.exe
cachedir: .pytest_cache
PySide6 6.9.1 -- Qt runtime 6.9.1 -- Qt compiled 6.9.1
rootdir: F:\Programming\Apps\ShittyRandomPhotoScreenSaver
configfile: pytest.ini
plugins: qt-4.5.0
collecting ... collected 24 items

tests/test_image_queue.py::test_image_queue_initialization PASSED        [  4%]
tests/test_image_queue.py::test_add_images_no_shuffle PASSED             [  8%]
tests/test_image_queue.py::test_add_images_with_shuffle PASSED           [ 12%]
tests/test_image_queue.py::test_next_image PASSED                        [ 16%]
tests/test_image_queue.py::test_next_multiple_images PASSED              [ 20%]
tests/test_image_queue.py::test_queue_wraparound PASSED                  [ 25%]
tests/test_image_queue.py::test_current_image PASSED                     [ 29%]
tests/test_image_queue.py::test_peek_next_image PASSED                   [ 33%]
tests/test_image_queue.py::test_history_tracking PASSED                  [ 37%]
tests/test_image_queue.py::test_history_max_size PASSED                  [ 41%]
tests/test_image_queue.py::test_is_in_recent_history PASSED              [ 45%]
tests/test_image_queue.py::test_shuffle_method PASSED                    [ 50%]
tests/test_image_queue.py::test_set_shuffle_enabled PASSED               [ 54%]
tests/test_image_queue.py::test_clear_queue PASSED                       [ 58%]
tests/test_image_queue.py::test_set_images_replaces_all PASSED           [ 62%]
tests/test_image_queue.py::test_remove_image PASSED                      [ 66%]
tests/test_image_queue.py::test_remove_nonexistent_image PASSED          [ 70%]
tests/test_image_queue.py::test_get_stats PASSED                         [ 75%]
tests/test_image_queue.py::test_empty_queue_behavior PASSED              [ 79%]
tests/test_image_queue.py::test_queue_len_and_bool PASSED                [ 83%]
tests/test_image_queue.py::test_queue_repr PASSED                        [ 87%]
tests/test_image_queue.py::test_previous_image PASSED                    [ 91%]
tests/test_image_queue.py::test_previous_with_no_history PASSED          [ 95%]
tests/test_image_queue.py::test_wraparound_preserves_shuffle PASSED      [100%]

============================= 24 passed in 1.07s ==============================
