============================= test session starts =============================
platform win32 -- Python 3.11.9, pytest-8.4.1, pluggy-1.6.0 -- C:\Python311\python.exe
cachedir: .pytest_cache
PySide6 6.9.1 -- Qt runtime 6.9.1 -- Qt compiled 6.9.1
rootdir: F:\Programming\Apps\ShittyRandomPhotoScreenSaver
configfile: pytest.ini
plugins: qt-4.5.0
collecting ... collected 1 item

tests/test_mc_keyboard_input.py::test_mc_display_widget_receives_hotkeys PASSED [100%]

============================== 1 passed in 0.71s ==============================
