============================= test session starts =============================
platform win32 -- Python 3.11.9, pytest-8.4.1, pluggy-1.6.0 -- C:\Python311\python.exe
cachedir: .pytest_cache
PySide6 6.9.1 -- Qt runtime 6.9.1 -- Qt compiled 6.9.1
rootdir: F:\Programming\Apps\ShittyRandomPhotoScreenSaver
configfile: pytest.ini
plugins: qt-4.5.0
collecting ... collected 26 items

tests/test_flicker_fix_integration.py::TestQtAllocationLimit::test_allocation_limit_increased PASSED [  3%]
tests/test_flicker_fix_integration.py::TestQtAllocationLimit::test_large_image_can_be_allocated PASSED [  7%]
tests/test_flicker_fix_integration.py::TestOverlayReadyFlow::test_overlay_lifecycle SKIPPED [ 11%]
tests/test_flicker_fix_integration.py::TestOverlayReadyFlow::test_paint_event_respects_ready_state PASSED [ 15%]
tests/test_flicker_fix_integration.py::TestTransitionTelemetryFlow::test_transition_tracks_timing PASSED [ 19%]
tests/test_flicker_fix_integration.py::TestMultiDisplaySyncFlow::test_sync_queue_lifecycle PASSED [ 23%]
tests/test_flicker_fix_integration.py::TestMultiDisplaySyncFlow::test_sync_timeout_handling PASSED [ 26%]
tests/test_flicker_fix_integration.py::TestEndToEndFlickerFix::test_gl_overlay_eliminates_race_condition SKIPPED [ 30%]
tests/test_flicker_fix_integration.py::TestEndToEndFlickerFix::test_pre_warming_reduces_init_time PASSED [ 34%]
tests/test_flicker_fix_integration.py::TestRegressionPrevention::test_no_process_events_in_transitions PASSED [ 38%]
tests/test_flicker_fix_integration.py::TestRegressionPrevention::test_showfullscreen_not_deferred PASSED [ 42%]
tests/test_gl_prewarm.py::test_gl_prewarm_overlays_ready PASSED          [ 46%]
tests/test_transition_telemetry.py::TestBaseTelemetry::test_transition_has_telemetry_fields PASSED [ 50%]
tests/test_transition_telemetry.py::TestBaseTelemetry::test_mark_start_sets_time PASSED [ 53%]
tests/test_transition_telemetry.py::TestBaseTelemetry::test_mark_end_sets_time PASSED [ 57%]
tests/test_transition_telemetry.py::TestBaseTelemetry::test_get_elapsed_ms_returns_none_without_start PASSED [ 61%]
tests/test_transition_telemetry.py::TestBaseTelemetry::test_get_elapsed_ms_returns_time_after_start PASSED [ 65%]
tests/test_transition_telemetry.py::TestTelemetryLogging::test_mark_start_logs_debug PASSED [ 69%]
tests/test_transition_telemetry.py::TestTelemetryLogging::test_mark_end_logs_performance PASSED [ 73%]
tests/test_transition_telemetry.py::TestTelemetryLogging::test_mark_end_warns_on_timing_drift PASSED [ 76%]
tests/test_transition_telemetry.py::TestGLTransitionTelemetry::test_gl_crossfade_calls_mark_start PASSED [ 80%]
tests/test_transition_telemetry.py::TestGLTransitionTelemetry::test_gl_crossfade_calls_mark_end_on_complete PASSED [ 84%]
tests/test_transition_telemetry.py::TestSWTransitionTelemetry::test_sw_crossfade_has_telemetry PASSED [ 88%]
tests/test_transition_telemetry.py::TestPerformanceMetrics::test_elapsed_time_accuracy PASSED [ 92%]
tests/test_transition_telemetry.py::TestPerformanceMetrics::test_delta_calculation PASSED [ 96%]
tests/test_transition_telemetry.py::TestTelemetryThreadSafety::test_elapsed_time_thread_safe PASSED [100%]

============================== warnings summary ===============================
tests/test_gl_prewarm.py::test_gl_prewarm_overlays_ready
  F:\Programming\Apps\ShittyRandomPhotoScreenSaver\rendering\display_widget.py:2354: DeprecationWarning: Function: 'QMouseEvent.pos() const' is marked as deprecated, please check the documentation for more information.
    self._initial_mouse_pos = event.pos()

-- Docs: https://docs.pytest.org/en/stable/how-to/capture-warnings.html
================== 24 passed, 2 skipped, 1 warning in 2.68s ===================
