============================= test session starts =============================
platform win32 -- Python 3.11.9, pytest-8.4.1, pluggy-1.6.0 -- C:\Python311\python.exe
cachedir: .pytest_cache
PySide6 6.9.1 -- Qt runtime 6.9.1 -- Qt compiled 6.9.1
rootdir: F:\Programming\Apps\ShittyRandomPhotoScreenSaver
configfile: pytest.ini
plugins: qt-4.5.0
collecting ... collected 6 items

tests/test_spotify_visualizer_widget.py::test_spotify_visualizer_tick_consumes_engine_smoothed_bars PASSED [ 16%]
tests/test_spotify_visualizer_widget.py::test_spotify_visualizer_compute_bars_reasonable_runtime PASSED [ 33%]
tests/test_spotify_visualizer_widget.py::test_spotify_visualizer_widgets_share_audio_engine PASSED [ 50%]
tests/test_spotify_visualizer_widget.py::test_spotify_visualizer_emits_perf_metrics PASSED [ 66%]
tests/test_spotify_visualizer_widget.py::test_spotify_visualizer_bars_not_stuck_at_top PASSED [ 83%]
tests/test_spotify_visualizer_widget.py::test_spotify_visualizer_kick_emphasizes_center_more_than_vocals PASSED [100%]

============================== 6 passed in 0.52s ==============================
