============================= test session starts =============================
platform win32 -- Python 3.11.9, pytest-8.4.1, pluggy-1.6.0 -- C:\Python311\python.exe
cachedir: .pytest_cache
PySide6 6.9.1 -- Qt runtime 6.9.1 -- Qt compiled 6.9.1
rootdir: F:\Programming\Apps\ShittyRandomPhotoScreenSaver
configfile: pytest.ini
plugins: qt-4.5.0
collecting ... collected 1 item

tests/test_ctrl_interaction_mode.py::test_ctrl_halo_owner_migrates_between_screens PASSED [100%]

============================== warnings summary ===============================
tests\test_ctrl_interaction_mode.py:17
  F:\Programming\Apps\ShittyRandomPhotoScreenSaver\tests\test_ctrl_interaction_mode.py:17: PytestUnknownMarkWarning: Unknown pytest.mark.qt - is this a typo?  You can register custom marks to avoid this warning - for details, see https://docs.pytest.org/en/stable/how-to/mark.html
    @pytest.mark.qt

tests\test_ctrl_interaction_mode.py:49
  F:\Programming\Apps\ShittyRandomPhotoScreenSaver\tests\test_ctrl_interaction_mode.py:49: PytestUnknownMarkWarning: Unknown pytest.mark.qt - is this a typo?  You can register custom marks to avoid this warning - for details, see https://docs.pytest.org/en/stable/how-to/mark.html
    @pytest.mark.qt

tests\test_ctrl_interaction_mode.py:99
  F:\Programming\Apps\ShittyRandomPhotoScreenSaver\tests\test_ctrl_interaction_mode.py:99: PytestUnknownMarkWarning: Unknown pytest.mark.qt - is this a typo?  You can register custom marks to avoid this warning - for details, see https://docs.pytest.org/en/stable/how-to/mark.html
    @pytest.mark.qt

tests\test_ctrl_interaction_mode.py:138
  F:\Programming\Apps\ShittyRandomPhotoScreenSaver\tests\test_ctrl_interaction_mode.py:138: PytestUnknownMarkWarning: Unknown pytest.mark.qt - is this a typo?  You can register custom marks to avoid this warning - for details, see https://docs.pytest.org/en/stable/how-to/mark.html
    @pytest.mark.qt

tests\test_ctrl_interaction_mode.py:185
  F:\Programming\Apps\ShittyRandomPhotoScreenSaver\tests\test_ctrl_interaction_mode.py:185: PytestUnknownMarkWarning: Unknown pytest.mark.qt - is this a typo?  You can register custom marks to avoid this warning - for details, see https://docs.pytest.org/en/stable/how-to/mark.html
    @pytest.mark.qt

tests/test_ctrl_interaction_mode.py::test_ctrl_halo_owner_migrates_between_screens
  F:\Programming\Apps\ShittyRandomPhotoScreenSaver\tests\test_ctrl_interaction_mode.py:246: DeprecationWarning: Function: 'QMouseEvent.QMouseEvent(QEvent.Type type, const QPointF &localPos, Qt.MouseButton button, QFlags<Qt.MouseButton> buttons, QFlags<Qt.KeyboardModifier> modifiers, const QPointingDevice *device)' is marked as deprecated, please check the documentation for more information.
    event = QMouseEvent(

-- Docs: https://docs.pytest.org/en/stable/how-to/capture-warnings.html
======================== 1 passed, 6 warnings in 0.49s ========================
