============================= test session starts =============================
platform win32 -- Python 3.11.9, pytest-8.4.1, pluggy-1.6.0 -- C:\Python311\python.exe
cachedir: .pytest_cache
PySide6 6.9.1 -- Qt runtime 6.9.1 -- Qt compiled 6.9.1
rootdir: F:\Programming\Apps\ShittyRandomPhotoScreenSaver
configfile: pytest.ini
plugins: qt-4.5.0
collecting ... collected 383 items / 3 skipped

tests/test_animation.py::test_animation_manager_initialization PASSED    [  0%]
tests/test_animation.py::test_property_animation PASSED                  [  0%]
tests/test_animation.py::test_custom_animation PASSED                    [  0%]
tests/test_animation.py::test_animation_pause_resume PASSED              [  1%]
tests/test_animation.py::test_animation_cancel PASSED                    [  1%]
tests/test_animation.py::test_easing_curves PASSED                       [  1%]
tests/test_animation.py::test_animation_with_delay PASSED                [  1%]
tests/test_animation.py::test_multiple_animations PASSED                 [  2%]
tests/test_animation.py::test_cancel_all_animations PASSED               [  2%]
tests/test_animation.py::test_animation_manager_auto_stop PASSED         [  2%]
tests/test_animation_set_target_fps.py::test_set_target_fps_updates_timer_interval PASSED [  2%]
tests/test_block_puzzle_flip.py::test_block_puzzle_creation PASSED       [  3%]
tests/test_block_puzzle_flip.py::test_block_puzzle_runs_and_labels PASSED [  3%]
tests/test_block_puzzle_flip.py::test_block_puzzle_cleanup PASSED        [  3%]
tests/test_block_puzzle_flip.py::test_block_puzzle_invalid_pixmap PASSED [  3%]
tests/test_block_puzzle_flip.py::test_block_puzzle_set_flip_duration PASSED [  4%]
tests/test_block_puzzle_flip.py::test_block_puzzle_randomization PASSED  [  4%]
tests/test_block_puzzle_flip.py::test_block_puzzle_small_widget PASSED   [  4%]
tests/test_clock_integration_regression.py::TestClockIntegrationRegression::test_bug1_clock_widget_created PASSED [  4%]
tests/test_clock_integration_regression.py::TestClockIntegrationRegression::test_bug2_set_text_color_method_exists PASSED [  5%]
tests/test_clock_integration_regression.py::TestClockIntegrationRegression::test_bug3_color_array_to_qcolor_conversion PASSED [  5%]
tests/test_clock_integration_regression.py::TestClockIntegrationRegression::test_bug4_z_order_clock_on_top PASSED [  5%]
tests/test_clock_integration_regression.py::TestClockIntegrationRegression::test_bug5_settings_retrieval_no_crash PASSED [  6%]
tests/test_clock_integration_regression.py::TestClockIntegrationRegression::test_bug6_boolean_type_conversion PASSED [  6%]
tests/test_clock_integration_regression.py::TestClockIntegrationRegression::test_bug7_position_string_to_enum PASSED [  6%]
tests/test_clock_integration_regression.py::TestClockIntegrationRegression::test_bug8_format_string_to_enum PASSED [  6%]
tests/test_clock_integration_regression.py::TestClockIntegrationRegression::test_bug9_missing_raise_call PASSED [  7%]
tests/test_clock_integration_regression.py::TestClockIntegrationRegression::test_clock_widget_visibility_after_setup PASSED [  7%]
tests/test_clock_integration_regression.py::TestClockIntegrationRegression::test_clock_widget_size_and_position PASSED [  7%]
tests/test_clock_integration_regression.py::TestClockIntegrationRegression::test_clock_settings_complete_integration PASSED [  7%]
tests/test_clock_widget.py::test_time_format_enum PASSED                 [  8%]
tests/test_clock_widget.py::test_clock_position_enum PASSED              [  8%]
tests/test_clock_widget.py::test_clock_creation PASSED                   [  8%]
tests/test_clock_widget.py::test_clock_start_stop PASSED                 [  8%]
tests/test_clock_widget.py::test_clock_signals PASSED                    [  9%]
tests/test_clock_widget.py::test_clock_12h_format PASSED                 [  9%]
tests/test_clock_widget.py::test_clock_24h_format PASSED                 [  9%]
tests/test_clock_widget.py::test_clock_without_seconds PASSED            [  9%]
tests/test_clock_widget.py::test_clock_with_seconds PASSED               [ 10%]
tests/test_clock_widget.py::test_clock_set_time_format PASSED            [ 10%]
tests/test_clock_widget.py::test_clock_set_show_seconds PASSED           [ 10%]
tests/test_clock_widget.py::test_clock_all_positions PASSED              [ 10%]
tests/test_clock_widget.py::test_clock_set_position PASSED               [ 11%]
tests/test_clock_widget.py::test_clock_set_font_size PASSED              [ 11%]
tests/test_clock_widget.py::test_clock_set_text_color PASSED             [ 11%]
tests/test_clock_widget.py::test_clock_set_margin PASSED                 [ 12%]
tests/test_clock_widget.py::test_clock_cleanup PASSED                    [ 12%]
tests/test_clock_widget.py::test_clock_concurrent_start_prevention PASSED [ 12%]
tests/test_clock_widget.py::test_clock_updates_over_time PASSED          [ 12%]
tests/test_ctrl_interaction_mode.py::test_ctrl_held_suppresses_mouse_exit_single_widget PASSED [ 13%]
tests/test_ctrl_interaction_mode.py::test_ctrl_held_global_across_multiple_widgets PASSED [ 13%]
tests/test_ctrl_interaction_mode.py::test_media_keys_do_not_exit_screensaver[16777344] PASSED [ 13%]
tests/test_ctrl_interaction_mode.py::test_media_keys_do_not_exit_screensaver[16777349] 