============================= test session starts =============================
platform win32 -- Python 3.11.9, pytest-8.4.1, pluggy-1.6.0 -- C:\Python311\python.exe
cachedir: .pytest_cache
PySide6 6.9.1 -- Qt runtime 6.9.1 -- Qt compiled 6.9.1
rootdir: F:\Programming\Apps\ShittyRandomPhotoScreenSaver
configfile: pytest.ini
plugins: qt-4.5.0
collecting ... collected 24 items

tests/test_events.py::test_event_system_initialization PASSED            [  4%]
tests/test_events.py::test_subscribe_and_publish PASSED                  [  8%]
tests/test_events.py::test_unsubscribe PASSED                            [ 12%]
tests/test_events.py::test_priority_ordering PASSED                      [ 16%]
tests/test_events.py::test_event_filter PASSED                           [ 20%]
tests/test_events.py::test_event_history PASSED                          [ 25%]
tests/test_resources.py::test_resource_manager_initialization PASSED     [ 29%]
tests/test_resources.py::test_register_resource PASSED                   [ 33%]
tests/test_resources.py::test_unregister_resource PASSED                 [ 37%]
tests/test_resources.py::test_register_temp_file PASSED                  [ 41%]
tests/test_resources.py::test_get_all_resources PASSED                   [ 45%]
tests/test_resources.py::test_get_stats PASSED                           [ 50%]
tests/test_settings.py::test_settings_manager_initialization PASSED      [ 54%]
tests/test_settings.py::test_get_set_setting PASSED                      [ 58%]
tests/test_settings.py::test_default_values PASSED                       [ 62%]
tests/test_settings.py::test_widget_defaults_helper_matches_schema PASSED [ 66%]
tests/test_settings.py::test_on_changed_handler PASSED                   [ 70%]
tests/test_settings.py::test_reset_to_defaults PASSED                    [ 75%]
tests/test_settings.py::test_get_all_keys PASSED                         [ 79%]
tests/test_threading.py::test_thread_manager_initialization PASSED       [ 83%]
tests/test_threading.py::test_submit_io_task PASSED                      [ 87%]
tests/test_threading.py::test_submit_compute_task PASSED                 [ 91%]
tests/test_threading.py::test_get_pool_stats PASSED                      [ 95%]
tests/test_threading.py::test_thread_manager_shutdown PASSED             [100%]

============================= 24 passed in 0.47s ==============================
