============================= test session starts =============================
platform win32 -- Python 3.11.9, pytest-8.4.1, pluggy-1.6.0 -- C:\Python311\python.exe
cachedir: .pytest_cache
PySide6 6.9.1 -- Qt runtime 6.9.1 -- Qt compiled 6.9.1
rootdir: F:\Programming\Apps\ShittyRandomPhotoScreenSaver
configfile: pytest.ini
plugins: qt-4.5.0
collecting ... collected 2 items

tests/test_mc_keyboard_input.py::test_mc_display_widget_receives_hotkeys PASSED [ 50%]
tests/test_mc_keyboard_input.py::test_mc_halo_click_requests_activation PASSED [100%]

============================== warnings summary ===============================
tests/test_mc_keyboard_input.py::test_mc_halo_click_requests_activation
tests/test_mc_keyboard_input.py::test_mc_halo_click_requests_activation
  F:\Programming\Apps\ShittyRandomPhotoScreenSaver\widgets\cursor_halo.py:163: DeprecationWarning: Function: 'QMouseEvent.pos() const' is marked as deprecated, please check the documentation for more information.
    global_pos = self.mapToGlobal(event.pos())

tests/test_mc_keyboard_input.py::test_mc_halo_click_requests_activation
  F:\Programming\Apps\ShittyRandomPhotoScreenSaver\rendering\input_handler.py:630: DeprecationWarning: Function: 'QMouseEvent.pos() const' is marked as deprecated, please check the documentation for more information.
    pos = event.pos()

-- Docs: https://docs.pytest.org/en/stable/how-to/capture-warnings.html
======================== 2 passed, 3 warnings in 0.91s ========================
