============================= test session starts =============================
platform win32 -- Python 3.11.9, pytest-8.4.1, pluggy-1.6.0 -- C:\Python311\python.exe
cachedir: .pytest_cache
PySide6 6.9.1 -- Qt runtime 6.9.1 -- Qt compiled 6.9.1
rootdir: F:\Programming\Apps\ShittyRandomPhotoScreenSaver
configfile: pytest.ini
plugins: qt-4.5.0
collecting ... collected 2 items

tests/test_widgets_persistence_integration.py::test_widgets_tab_changes_reflected_in_display_widget PASSED [ 50%]
tests/test_widgets_persistence_integration.py::test_display_widget_respects_widget_monitor_selection PASSED [100%]

============================== 2 passed in 2.71s ==============================
QSettings: Failed to delete key "Software\Test\ScreensaverTest" (Illegal operation attempted on a registry key that has been marked for deletion.)
