============================= test session starts =============================
platform win32 -- Python 3.11.9, pytest-8.4.1, pluggy-1.6.0 -- C:\Python311\python.exe
cachedir: .pytest_cache
PySide6 6.9.1 -- Qt runtime 6.9.1 -- Qt compiled 6.9.1
rootdir: F:\Programming\Apps\ShittyRandomPhotoScreenSaver
configfile: pytest.ini
plugins: qt-4.5.0
collecting ... collected 28 items

tests/test_transitions.py::test_transition_state_enum PASSED             [  3%]
tests/test_transitions.py::test_crossfade_creation PASSED                [  7%]
tests/test_transitions.py::test_crossfade_duration PASSED                [ 10%]
tests/test_transitions.py::test_crossfade_start_with_no_old_image PASSED [ 14%]
tests/test_transitions.py::test_crossfade_start_with_images PASSED       [ 17%]
tests/test_transitions.py::test_crossfade_signals PASSED                 [ 21%]
tests/test_transitions.py::test_crossfade_progress_range PASSED          [ 25%]
tests/test_transitions.py::test_crossfade_stop PASSED                    [ 28%]
tests/test_transitions.py::test_crossfade_cleanup PASSED                 [ 32%]
tests/test_transitions.py::test_crossfade_invalid_pixmap PASSED          [ 35%]
tests/test_transitions.py::test_crossfade_already_running PASSED         [ 39%]
tests/test_transitions.py::test_crossfade_easing_curves PASSED           [ 42%]
tests/test_transitions.py::test_crossfade_set_easing PASSED              [ 46%]
tests/test_transitions.py::test_crossfade_repr PASSED                    [ 50%]
tests/test_transitions.py::test_crossfade_state_transitions PASSED       [ 53%]
tests/test_transitions.py::test_crossfade_multiple_transitions PASSED    [ 57%]
tests/test_transition_integration.py::TestTransitionIntegration::test_crossfade_transition_runs PASSED [ 60%]
tests/test_transition_integration.py::TestTransitionIntegration::test_slide_transition_runs PASSED [ 64%]
tests/test_transition_integration.py::TestTransitionIntegration::test_diffuse_transition_runs PASSED [ 67%]
tests/test_transition_integration.py::TestTransitionIntegration::test_block_puzzle_flip_transition_runs PASSED [ 71%]
tests/test_transition_integration.py::TestTransitionIntegration::test_wipe_transition_runs PASSED [ 75%]
tests/test_transition_integration.py::TestTransitionIntegration::test_transition_cleanup_on_stop PASSED [ 78%]
tests/test_transition_integration.py::TestTransitionIntegration::test_transition_settings_respected PASSED [ 82%]
tests/test_transition_integration.py::TestTransitionIntegration::test_transition_fallback_on_error PASSED [ 85%]
tests/test_transition_integration.py::TestTransitionIntegration::test_random_slide_direction PASSED [ 89%]
tests/test_transition_integration.py::TestTransitionIntegration::test_diffuse_transition_software_backend_no_watchdog PASSED [ 92%]
tests/test_transition_integration.py::TestTransitionIntegration::test_block_flip_transition_software_backend_no_watchdog PASSED [ 96%]
tests/test_gl_prewarm.py::test_gl_prewarm_overlays_ready PASSED          [100%]QSettings: Failed to delete key "Software\Test\ScreensaverTest" (Illegal operation attempted on a registry key that has been marked for deletion.)
QSettings: Failed to delete key "Software\Test\ScreensaverTest" (Illegal operation attempted on a registry key that has been marked for deletion.)
QSettings: Failed to delete key "Software\Test\ScreensaverTest" (Illegal operation attempted on a registry key that has been marked for deletion.)
QSettings: Failed to delete key "Software\Test\ScreensaverTest" (Illegal operation attempted on a registry key that has been marked for deletion.)
QSettings: Failed to delete key "Software\Test\ScreensaverTest" (Illegal operation attempted on a registry key that has been marked for deletion.)


============================= 28 passed in 20.56s =============================
